This file contains any messages produced by compilers while
running configure, to aid debugging if configure makes a mistake.

It was created by Turbine configure 0.8.0, which was
generated by GNU Autoconf 2.69.  Invocation command line was

  $ ./configure --with-adlb=/home/basheersubei/exm-install/lb --with-c-utils=/home/basheersubei/exm-install/c-utils --prefix=/home/basheersubei/exm-install/turbine

## --------- ##
## Platform. ##
## --------- ##

hostname = virtual-ubuntu-server-1
uname -m = x86_64
uname -r = 3.16.0-30-generic
uname -s = Linux
uname -v = #40~14.04.1-Ubuntu SMP Thu Jan 15 17:43:14 UTC 2015

/usr/bin/uname -p = unknown
/bin/uname -X     = unknown

/bin/arch              = unknown
/usr/bin/arch -k       = unknown
/usr/convex/getsysinfo = unknown
/usr/bin/hostinfo      = unknown
/bin/machine           = unknown
/usr/bin/oslevel       = unknown
/bin/universe          = unknown

PATH: /usr/local/sbin
PATH: /usr/local/bin
PATH: /usr/sbin
PATH: /usr/bin
PATH: /sbin
PATH: /bin
PATH: /usr/games
PATH: /usr/local/games
PATH: /home/basheersubei/go/bin
PATH: /home/basheersubei/.rvm/bin
PATH: /usr/bin/turbine/bin
PATH: /usr/bin/stc/bin
PATH: /home/basheersubei/go/bin
PATH: /home/basheersubei/.rvm/bin


## ----------- ##
## Core tests. ##
## ----------- ##

configure:2448: result: Turbine version: 0.8.0
configure:2495: result: dpkg-architecture: x86_64-linux-gnu
configure:2548: checking for gcc
configure:2575: result: mpicc
configure:2804: checking for C compiler version
configure:2813: mpicc --version >&5
cc (Ubuntu 4.8.4-2ubuntu1~14.04) 4.8.4
Copyright (C) 2013 Free Software Foundation, Inc.
This is free software; see the source for copying conditions.  There is NO
warranty; not even for MERCHANTABILITY or FITNESS FOR A PARTICULAR PURPOSE.

configure:2824: $? = 0
configure:2813: mpicc -v >&5
mpicc for MPICH version 3.0.4
Using built-in specs.
COLLECT_GCC=cc
COLLECT_LTO_WRAPPER=/usr/lib/gcc/x86_64-linux-gnu/4.8/lto-wrapper
Target: x86_64-linux-gnu
Configured with: ../src/configure -v --with-pkgversion='Ubuntu 4.8.4-2ubuntu1~14.04' --with-bugurl=file:///usr/share/doc/gcc-4.8/README.Bugs --enable-languages=c,c++,java,go,d,fortran,objc,obj-c++ --prefix=/usr --program-suffix=-4.8 --enable-shared --enable-linker-build-id --libexecdir=/usr/lib --without-included-gettext --enable-threads=posix --with-gxx-include-dir=/usr/include/c++/4.8 --libdir=/usr/lib --enable-nls --with-sysroot=/ --enable-clocale=gnu --enable-libstdcxx-debug --enable-libstdcxx-time=yes --enable-gnu-unique-object --disable-libmudflap --enable-plugin --with-system-zlib --disable-browser-plugin --enable-java-awt=gtk --enable-gtk-cairo --with-java-home=/usr/lib/jvm/java-1.5.0-gcj-4.8-amd64/jre --enable-java-home --with-jvm-root-dir=/usr/lib/jvm/java-1.5.0-gcj-4.8-amd64 --with-jvm-jar-dir=/usr/lib/jvm-exports/java-1.5.0-gcj-4.8-amd64 --with-arch-directory=amd64 --with-ecj-jar=/usr/share/java/eclipse-ecj.jar --enable-objc-gc --enable-multiarch --disable-werror --with-arch-32=i686 --with-abi=m64 --with-multilib-list=m32,m64,mx32 --with-tune=generic --enable-checking=release --build=x86_64-linux-gnu --host=x86_64-linux-gnu --target=x86_64-linux-gnu
Thread model: posix
gcc version 4.8.4 (Ubuntu 4.8.4-2ubuntu1~14.04) 
configure:2824: $? = 0
configure:2813: mpicc -V >&5
cc: error: unrecognized command line option '-V'
configure:2824: $? = 1
configure:2813: mpicc -qversion >&5
cc: error: unrecognized command line option '-qversion'
configure:2824: $? = 1
configure:2844: checking whether the C compiler works
configure:2866: mpicc    conftest.c  >&5
configure:2870: $? = 0
configure:2918: result: yes
configure:2921: checking for C compiler default output file name
configure:2923: result: a.out
configure:2929: checking for suffix of executables
configure:2936: mpicc -o conftest    conftest.c  >&5
configure:2940: $? = 0
configure:2962: result: 
configure:2984: checking whether we are cross compiling
configure:2992: mpicc -o conftest    conftest.c  >&5
configure:2996: $? = 0
configure:3003: ./conftest
configure:3007: $? = 0
configure:3022: result: no
configure:3027: checking for suffix of object files
configure:3049: mpicc -c   conftest.c >&5
configure:3053: $? = 0
configure:3074: result: o
configure:3078: checking whether we are using the GNU C compiler
configure:3097: mpicc -c   conftest.c >&5
configure:3097: $? = 0
configure:3106: result: yes
configure:3115: checking whether mpicc accepts -g
configure:3135: mpicc -c -g  conftest.c >&5
configure:3135: $? = 0
configure:3176: result: yes
configure:3193: checking for mpicc option to accept ISO C89
configure:3256: mpicc  -c -g -O2  conftest.c >&5
configure:3256: $? = 0
configure:3269: result: none needed
configure:3291: checking for swig
configure:3309: found /usr/bin/swig
configure:3322: result: /usr/bin/swig
configure:3430: checking how to run the C preprocessor
configure:3461: mpicc -E  conftest.c
configure:3461: $? = 0
configure:3475: mpicc -E  conftest.c
conftest.c:9:28: fatal error: ac_nonexistent.h: No such file or directory
 #include <ac_nonexistent.h>
                            ^
compilation terminated.
configure:3475: $? = 1
configure: failed program was:
| /* confdefs.h */
| #define PACKAGE_NAME "Turbine"
| #define PACKAGE_TARNAME "turbine"
| #define PACKAGE_VERSION "0.8.0"
| #define PACKAGE_STRING "Turbine 0.8.0"
| #define PACKAGE_BUGREPORT "wozniak@mcs.anl.gov"
| #define PACKAGE_URL ""
| /* end confdefs.h.  */
| #include <ac_nonexistent.h>
configure:3500: result: mpicc -E
configure:3520: mpicc -E  conftest.c
configure:3520: $? = 0
configure:3534: mpicc -E  conftest.c
conftest.c:9:28: fatal error: ac_nonexistent.h: No such file or directory
 #include <ac_nonexistent.h>
                            ^
compilation terminated.
configure:3534: $? = 1
configure: failed program was:
| /* confdefs.h */
| #define PACKAGE_NAME "Turbine"
| #define PACKAGE_TARNAME "turbine"
| #define PACKAGE_VERSION "0.8.0"
| #define PACKAGE_STRING "Turbine 0.8.0"
| #define PACKAGE_BUGREPORT "wozniak@mcs.anl.gov"
| #define PACKAGE_URL ""
| /* end confdefs.h.  */
| #include <ac_nonexistent.h>
configure:3563: checking for grep that handles long lines and -e
configure:3621: result: /bin/grep
configure:3626: checking for egrep
configure:3688: result: /bin/grep -E
configure:3693: checking for ANSI C header files
configure:3713: mpicc -c -g -O2  conftest.c >&5
configure:3713: $? = 0
configure:3786: mpicc -o conftest -g -O2   conftest.c  >&5
configure:3786: $? = 0
configure:3786: ./conftest
configure:3786: $? = 0
configure:3797: result: yes
configure:3810: checking for sys/types.h
configure:3810: mpicc -c -g -O2  conftest.c >&5
configure:3810: $? = 0
configure:3810: result: yes
configure:3810: checking for sys/stat.h
configure:3810: mpicc -c -g -O2  conftest.c >&5
configure:3810: $? = 0
configure:3810: result: yes
configure:3810: checking for stdlib.h
configure:3810: mpicc -c -g -O2  conftest.c >&5
configure:3810: $? = 0
configure:3810: result: yes
configure:3810: checking for string.h
configure:3810: mpicc -c -g -O2  conftest.c >&5
configure:3810: $? = 0
configure:3810: result: yes
configure:3810: checking for memory.h
configure:3810: mpicc -c -g -O2  conftest.c >&5
configure:3810: $? = 0
configure:3810: result: yes
configure:3810: checking for strings.h
configure:3810: mpicc -c -g -O2  conftest.c >&5
configure:3810: $? = 0
configure:3810: result: yes
configure:3810: checking for inttypes.h
configure:3810: mpicc -c -g -O2  conftest.c >&5
configure:3810: $? = 0
configure:3810: result: yes
configure:3810: checking for stdint.h
configure:3810: mpicc -c -g -O2  conftest.c >&5
configure:3810: $? = 0
configure:3810: result: yes
configure:3810: checking for unistd.h
configure:3810: mpicc -c -g -O2  conftest.c >&5
configure:3810: $? = 0
configure:3810: result: yes
configure:3825: checking if zlib is wanted
configure:3847: result: yes
configure:3878: checking for inflateEnd in -lz
configure:3903: mpicc -o conftest -g -O2  -I/usr/include  -L/usr/lib conftest.c -lz   >&5
configure:3903: $? = 0
configure:3912: result: yes
configure:3920: checking zlib.h usability
configure:3920: mpicc -c -g -O2  -I/usr/include conftest.c >&5
configure:3920: $? = 0
configure:3920: result: yes
configure:3920: checking zlib.h presence
configure:3920: mpicc -E  -I/usr/include conftest.c
configure:3920: $? = 0
configure:3920: result: yes
configure:3920: checking for zlib.h
configure:3920: result: yes
configure:3960: checking for cp that supports -u
configure:3993: result: yes
configure:4000: checking for cp that supports --parents
configure:4033: result: yes
configure:4044: checking fcntl.h usability
configure:4044: mpicc -c -g -O2 -I/usr/include  conftest.c >&5
configure:4044: $? = 0
configure:4044: result: yes
configure:4044: checking fcntl.h presence
configure:4044: mpicc -E  conftest.c
configure:4044: $? = 0
configure:4044: result: yes
configure:4044: checking for fcntl.h
configure:4044: result: yes
configure:4044: checking limits.h usability
configure:4044: mpicc -c -g -O2 -I/usr/include  conftest.c >&5
configure:4044: $? = 0
configure:4044: result: yes
configure:4044: checking limits.h presence
configure:4044: mpicc -E  conftest.c
configure:4044: $? = 0
configure:4044: result: yes
configure:4044: checking for limits.h
configure:4044: result: yes
configure:4044: checking malloc.h usability
configure:4044: mpicc -c -g -O2 -I/usr/include  conftest.c >&5
configure:4044: $? = 0
configure:4044: result: yes
configure:4044: checking malloc.h presence
configure:4044: mpicc -E  conftest.c
configure:4044: $? = 0
configure:4044: result: yes
configure:4044: checking for malloc.h
configure:4044: result: yes
configure:4044: checking stddef.h usability
configure:4044: mpicc -c -g -O2 -I/usr/include  conftest.c >&5
configure:4044: $? = 0
configure:4044: result: yes
configure:4044: checking stddef.h presence
configure:4044: mpicc -E  conftest.c
configure:4044: $? = 0
configure:4044: result: yes
configure:4044: checking for stddef.h
configure:4044: result: yes
configure:4044: checking sys/param.h usability
configure:4044: mpicc -c -g -O2 -I/usr/include  conftest.c >&5
configure:4044: $? = 0
configure:4044: result: yes
configure:4044: checking sys/param.h presence
configure:4044: mpicc -E  conftest.c
configure:4044: $? = 0
configure:4044: result: yes
configure:4044: checking for sys/param.h
configure:4044: result: yes
configure:4056: checking sys/time.h usability
configure:4056: mpicc -c -g -O2 -I/usr/include  conftest.c >&5
configure:4056: $? = 0
configure:4056: result: yes
configure:4056: checking sys/time.h presence
configure:4056: mpicc -E  conftest.c
configure:4056: $? = 0
configure:4056: result: yes
configure:4056: checking for sys/time.h
configure:4056: result: yes
configure:4068: checking for inline
configure:4084: mpicc -c -g -O2 -I/usr/include  conftest.c >&5
configure:4084: $? = 0
configure:4092: result: inline
configure:4110: checking for stdbool.h that conforms to C99
configure:4177: mpicc -c -g -O2 -I/usr/include  conftest.c >&5
configure:4177: $? = 0
configure:4184: result: yes
configure:4186: checking for _Bool
configure:4186: mpicc -c -g -O2 -I/usr/include  conftest.c >&5
configure:4186: $? = 0
configure:4186: mpicc -c -g -O2 -I/usr/include  conftest.c >&5
conftest.c: In function 'main':
conftest.c:61:20: error: expected expression before ')' token
 if (sizeof ((_Bool)))
                    ^
configure:4186: $? = 1
configure: failed program was:
| /* confdefs.h */
| #define PACKAGE_NAME "Turbine"
| #define PACKAGE_TARNAME "turbine"
| #define PACKAGE_VERSION "0.8.0"
| #define PACKAGE_STRING "Turbine 0.8.0"
| #define PACKAGE_BUGREPORT "wozniak@mcs.anl.gov"
| #define PACKAGE_URL ""
| #define STDC_HEADERS 1
| #define HAVE_SYS_TYPES_H 1
| #define HAVE_SYS_STAT_H 1
| #define HAVE_STDLIB_H 1
| #define HAVE_STRING_H 1
| #define HAVE_MEMORY_H 1
| #define HAVE_STRINGS_H 1
| #define HAVE_INTTYPES_H 1
| #define HAVE_STDINT_H 1
| #define HAVE_UNISTD_H 1
| #define HAVE_FCNTL_H 1
| #define HAVE_LIMITS_H 1
| #define HAVE_MALLOC_H 1
| #define HAVE_STDDEF_H 1
| #define HAVE_SYS_PARAM_H 1
| #define HAVE_SYS_TIME_H 1
| /* end confdefs.h.  */
| #include <stdio.h>
| #ifdef HAVE_SYS_TYPES_H
| # include <sys/types.h>
| #endif
| #ifdef HAVE_SYS_STAT_H
| # include <sys/stat.h>
| #endif
| #ifdef STDC_HEADERS
| # include <stdlib.h>
| # include <stddef.h>
| #else
| # ifdef HAVE_STDLIB_H
| #  include <stdlib.h>
| # endif
| #endif
| #ifdef HAVE_STRING_H
| # if !defined STDC_HEADERS && defined HAVE_MEMORY_H
| #  include <memory.h>
| # endif
| # include <string.h>
| #endif
| #ifdef HAVE_STRINGS_H
| # include <strings.h>
| #endif
| #ifdef HAVE_INTTYPES_H
| # include <inttypes.h>
| #endif
| #ifdef HAVE_STDINT_H
| # include <stdint.h>
| #endif
| #ifdef HAVE_UNISTD_H
| # include <unistd.h>
| #endif
| int
| main ()
| {
| if (sizeof ((_Bool)))
| 	    return 0;
|   ;
|   return 0;
| }
configure:4186: result: yes
configure:4203: checking for pid_t
configure:4203: mpicc -c -g -O2 -I/usr/include  conftest.c >&5
configure:4203: $? = 0
configure:4203: mpicc -c -g -O2 -I/usr/include  conftest.c >&5
conftest.c: In function 'main':
conftest.c:63:20: error: expected expression before ')' token
 if (sizeof ((pid_t)))
                    ^
configure:4203: $? = 1
configure: failed program was:
| /* confdefs.h */
| #define PACKAGE_NAME "Turbine"
| #define PACKAGE_TARNAME "turbine"
| #define PACKAGE_VERSION "0.8.0"
| #define PACKAGE_STRING "Turbine 0.8.0"
| #define PACKAGE_BUGREPORT "wozniak@mcs.anl.gov"
| #define PACKAGE_URL ""
| #define STDC_HEADERS 1
| #define HAVE_SYS_TYPES_H 1
| #define HAVE_SYS_STAT_H 1
| #define HAVE_STDLIB_H 1
| #define HAVE_STRING_H 1
| #define HAVE_MEMORY_H 1
| #define HAVE_STRINGS_H 1
| #define HAVE_INTTYPES_H 1
| #define HAVE_STDINT_H 1
| #define HAVE_UNISTD_H 1
| #define HAVE_FCNTL_H 1
| #define HAVE_LIMITS_H 1
| #define HAVE_MALLOC_H 1
| #define HAVE_STDDEF_H 1
| #define HAVE_SYS_PARAM_H 1
| #define HAVE_SYS_TIME_H 1
| #define HAVE__BOOL 1
| #define HAVE_STDBOOL_H 1
| /* end confdefs.h.  */
| #include <stdio.h>
| #ifdef HAVE_SYS_TYPES_H
| # include <sys/types.h>
| #endif
| #ifdef HAVE_SYS_STAT_H
| # include <sys/stat.h>
| #endif
| #ifdef STDC_HEADERS
| # include <stdlib.h>
| # include <stddef.h>
| #else
| # ifdef HAVE_STDLIB_H
| #  include <stdlib.h>
| # endif
| #endif
| #ifdef HAVE_STRING_H
| # if !defined STDC_HEADERS && defined HAVE_MEMORY_H
| #  include <memory.h>
| # endif
| # include <string.h>
| #endif
| #ifdef HAVE_STRINGS_H
| # include <strings.h>
| #endif
| #ifdef HAVE_INTTYPES_H
| # include <inttypes.h>
| #endif
| #ifdef HAVE_STDINT_H
| # include <stdint.h>
| #endif
| #ifdef HAVE_UNISTD_H
| # include <unistd.h>
| #endif
| int
| main ()
| {
| if (sizeof ((pid_t)))
| 	    return 0;
|   ;
|   return 0;
| }
configure:4203: result: yes
configure:4214: checking for size_t
configure:4214: mpicc -c -g -O2 -I/usr/include  conftest.c >&5
configure:4214: $? = 0
configure:4214: mpicc -c -g -O2 -I/usr/include  conftest.c >&5
conftest.c: In function 'main':
conftest.c:63:21: error: expected expression before ')' token
 if (sizeof ((size_t)))
                     ^
configure:4214: $? = 1
configure: failed program was:
| /* confdefs.h */
| #define PACKAGE_NAME "Turbine"
| #define PACKAGE_TARNAME "turbine"
| #define PACKAGE_VERSION "0.8.0"
| #define PACKAGE_STRING "Turbine 0.8.0"
| #define PACKAGE_BUGREPORT "wozniak@mcs.anl.gov"
| #define PACKAGE_URL ""
| #define STDC_HEADERS 1
| #define HAVE_SYS_TYPES_H 1
| #define HAVE_SYS_STAT_H 1
| #define HAVE_STDLIB_H 1
| #define HAVE_STRING_H 1
| #define HAVE_MEMORY_H 1
| #define HAVE_STRINGS_H 1
| #define HAVE_INTTYPES_H 1
| #define HAVE_STDINT_H 1
| #define HAVE_UNISTD_H 1
| #define HAVE_FCNTL_H 1
| #define HAVE_LIMITS_H 1
| #define HAVE_MALLOC_H 1
| #define HAVE_STDDEF_H 1
| #define HAVE_SYS_PARAM_H 1
| #define HAVE_SYS_TIME_H 1
| #define HAVE__BOOL 1
| #define HAVE_STDBOOL_H 1
| /* end confdefs.h.  */
| #include <stdio.h>
| #ifdef HAVE_SYS_TYPES_H
| # include <sys/types.h>
| #endif
| #ifdef HAVE_SYS_STAT_H
| # include <sys/stat.h>
| #endif
| #ifdef STDC_HEADERS
| # include <stdlib.h>
| # include <stddef.h>
| #else
| # ifdef HAVE_STDLIB_H
| #  include <stdlib.h>
| # endif
| #endif
| #ifdef HAVE_STRING_H
| # if !defined STDC_HEADERS && defined HAVE_MEMORY_H
| #  include <memory.h>
| # endif
| # include <string.h>
| #endif
| #ifdef HAVE_STRINGS_H
| # include <strings.h>
| #endif
| #ifdef HAVE_INTTYPES_H
| # include <inttypes.h>
| #endif
| #ifdef HAVE_STDINT_H
| # include <stdint.h>
| #endif
| #ifdef HAVE_UNISTD_H
| # include <unistd.h>
| #endif
| int
| main ()
| {
| if (sizeof ((size_t)))
| 	    return 0;
|   ;
|   return 0;
| }
configure:4214: result: yes
configure:4225: checking for int32_t
configure:4225: mpicc -c -g -O2 -I/usr/include  conftest.c >&5
configure:4225: $? = 0
configure:4225: mpicc -c -g -O2 -I/usr/include  conftest.c >&5
conftest.c: In function 'main':
conftest.c:65:53: warning: integer overflow in expression [-Woverflow]
    < (int32_t) (((((int32_t) 1 << N) << N) - 1) * 2 + 2))];
                                                     ^
conftest.c:64:12: error: storage size of 'test_array' isn't constant
 static int test_array [1 - 2 * !((int32_t) (((((int32_t) 1 << N) << N) - 1) * 2 + 1)
            ^
configure:4225: $? = 1
configure: failed program was:
| /* confdefs.h */
| #define PACKAGE_NAME "Turbine"
| #define PACKAGE_TARNAME "turbine"
| #define PACKAGE_VERSION "0.8.0"
| #define PACKAGE_STRING "Turbine 0.8.0"
| #define PACKAGE_BUGREPORT "wozniak@mcs.anl.gov"
| #define PACKAGE_URL ""
| #define STDC_HEADERS 1
| #define HAVE_SYS_TYPES_H 1
| #define HAVE_SYS_STAT_H 1
| #define HAVE_STDLIB_H 1
| #define HAVE_STRING_H 1
| #define HAVE_MEMORY_H 1
| #define HAVE_STRINGS_H 1
| #define HAVE_INTTYPES_H 1
| #define HAVE_STDINT_H 1
| #define HAVE_UNISTD_H 1
| #define HAVE_FCNTL_H 1
| #define HAVE_LIMITS_H 1
| #define HAVE_MALLOC_H 1
| #define HAVE_STDDEF_H 1
| #define HAVE_SYS_PARAM_H 1
| #define HAVE_SYS_TIME_H 1
| #define HAVE__BOOL 1
| #define HAVE_STDBOOL_H 1
| /* end confdefs.h.  */
| #include <stdio.h>
| #ifdef HAVE_SYS_TYPES_H
| # include <sys/types.h>
| #endif
| #ifdef HAVE_SYS_STAT_H
| # include <sys/stat.h>
| #endif
| #ifdef STDC_HEADERS
| # include <stdlib.h>
| # include <stddef.h>
| #else
| # ifdef HAVE_STDLIB_H
| #  include <stdlib.h>
| # endif
| #endif
| #ifdef HAVE_STRING_H
| # if !defined STDC_HEADERS && defined HAVE_MEMORY_H
| #  include <memory.h>
| # endif
| # include <string.h>
| #endif
| #ifdef HAVE_STRINGS_H
| # include <strings.h>
| #endif
| #ifdef HAVE_INTTYPES_H
| # include <inttypes.h>
| #endif
| #ifdef HAVE_STDINT_H
| # include <stdint.h>
| #endif
| #ifdef HAVE_UNISTD_H
| # include <unistd.h>
| #endif
| 	        enum { N = 32 / 2 - 1 };
| int
| main ()
| {
| static int test_array [1 - 2 * !((int32_t) (((((int32_t) 1 << N) << N) - 1) * 2 + 1)
| 		 < (int32_t) (((((int32_t) 1 << N) << N) - 1) * 2 + 2))];
| test_array [0] = 0;
| return test_array [0];
| 
|   ;
|   return 0;
| }
configure:4225: result: yes
configure:4236: checking for int64_t
configure:4236: mpicc -c -g -O2 -I/usr/include  conftest.c >&5
configure:4236: $? = 0
configure:4236: mpicc -c -g -O2 -I/usr/include  conftest.c >&5
conftest.c: In function 'main':
conftest.c:65:53: warning: integer overflow in expression [-Woverflow]
    < (int64_t) (((((int64_t) 1 << N) << N) - 1) * 2 + 2))];
                                                     ^
conftest.c:64:12: error: storage size of 'test_array' isn't constant
 static int test_array [1 - 2 * !((int64_t) (((((int64_t) 1 << N) << N) - 1) * 2 + 1)
            ^
configure:4236: $? = 1
configure: failed program was:
| /* confdefs.h */
| #define PACKAGE_NAME "Turbine"
| #define PACKAGE_TARNAME "turbine"
| #define PACKAGE_VERSION "0.8.0"
| #define PACKAGE_STRING "Turbine 0.8.0"
| #define PACKAGE_BUGREPORT "wozniak@mcs.anl.gov"
| #define PACKAGE_URL ""
| #define STDC_HEADERS 1
| #define HAVE_SYS_TYPES_H 1
| #define HAVE_SYS_STAT_H 1
| #define HAVE_STDLIB_H 1
| #define HAVE_STRING_H 1
| #define HAVE_MEMORY_H 1
| #define HAVE_STRINGS_H 1
| #define HAVE_INTTYPES_H 1
| #define HAVE_STDINT_H 1
| #define HAVE_UNISTD_H 1
| #define HAVE_FCNTL_H 1
| #define HAVE_LIMITS_H 1
| #define HAVE_MALLOC_H 1
| #define HAVE_STDDEF_H 1
| #define HAVE_SYS_PARAM_H 1
| #define HAVE_SYS_TIME_H 1
| #define HAVE__BOOL 1
| #define HAVE_STDBOOL_H 1
| /* end confdefs.h.  */
| #include <stdio.h>
| #ifdef HAVE_SYS_TYPES_H
| # include <sys/types.h>
| #endif
| #ifdef HAVE_SYS_STAT_H
| # include <sys/stat.h>
| #endif
| #ifdef STDC_HEADERS
| # include <stdlib.h>
| # include <stddef.h>
| #else
| # ifdef HAVE_STDLIB_H
| #  include <stdlib.h>
| # endif
| #endif
| #ifdef HAVE_STRING_H
| # if !defined STDC_HEADERS && defined HAVE_MEMORY_H
| #  include <memory.h>
| # endif
| # include <string.h>
| #endif
| #ifdef HAVE_STRINGS_H
| # include <strings.h>
| #endif
| #ifdef HAVE_INTTYPES_H
| # include <inttypes.h>
| #endif
| #ifdef HAVE_STDINT_H
| # include <stdint.h>
| #endif
| #ifdef HAVE_UNISTD_H
| # include <unistd.h>
| #endif
| 	        enum { N = 64 / 2 - 1 };
| int
| main ()
| {
| static int test_array [1 - 2 * !((int64_t) (((((int64_t) 1 << N) << N) - 1) * 2 + 1)
| 		 < (int64_t) (((((int64_t) 1 << N) << N) - 1) * 2 + 2))];
| test_array [0] = 0;
| return test_array [0];
| 
|   ;
|   return 0;
| }
configure:4236: result: yes
configure:4247: checking for mode_t
configure:4247: mpicc -c -g -O2 -I/usr/include  conftest.c >&5
configure:4247: $? = 0
configure:4247: mpicc -c -g -O2 -I/usr/include  conftest.c >&5
conftest.c: In function 'main':
conftest.c:63:21: error: expected expression before ')' token
 if (sizeof ((mode_t)))
                     ^
configure:4247: $? = 1
configure: failed program was:
| /* confdefs.h */
| #define PACKAGE_NAME "Turbine"
| #define PACKAGE_TARNAME "turbine"
| #define PACKAGE_VERSION "0.8.0"
| #define PACKAGE_STRING "Turbine 0.8.0"
| #define PACKAGE_BUGREPORT "wozniak@mcs.anl.gov"
| #define PACKAGE_URL ""
| #define STDC_HEADERS 1
| #define HAVE_SYS_TYPES_H 1
| #define HAVE_SYS_STAT_H 1
| #define HAVE_STDLIB_H 1
| #define HAVE_STRING_H 1
| #define HAVE_MEMORY_H 1
| #define HAVE_STRINGS_H 1
| #define HAVE_INTTYPES_H 1
| #define HAVE_STDINT_H 1
| #define HAVE_UNISTD_H 1
| #define HAVE_FCNTL_H 1
| #define HAVE_LIMITS_H 1
| #define HAVE_MALLOC_H 1
| #define HAVE_STDDEF_H 1
| #define HAVE_SYS_PARAM_H 1
| #define HAVE_SYS_TIME_H 1
| #define HAVE__BOOL 1
| #define HAVE_STDBOOL_H 1
| /* end confdefs.h.  */
| #include <stdio.h>
| #ifdef HAVE_SYS_TYPES_H
| # include <sys/types.h>
| #endif
| #ifdef HAVE_SYS_STAT_H
| # include <sys/stat.h>
| #endif
| #ifdef STDC_HEADERS
| # include <stdlib.h>
| # include <stddef.h>
| #else
| # ifdef HAVE_STDLIB_H
| #  include <stdlib.h>
| # endif
| #endif
| #ifdef HAVE_STRING_H
| # if !defined STDC_HEADERS && defined HAVE_MEMORY_H
| #  include <memory.h>
| # endif
| # include <string.h>
| #endif
| #ifdef HAVE_STRINGS_H
| # include <strings.h>
| #endif
| #ifdef HAVE_INTTYPES_H
| # include <inttypes.h>
| #endif
| #ifdef HAVE_STDINT_H
| # include <stdint.h>
| #endif
| #ifdef HAVE_UNISTD_H
| # include <unistd.h>
| #endif
| int
| main ()
| {
| if (sizeof ((mode_t)))
| 	    return 0;
|   ;
|   return 0;
| }
configure:4247: result: yes
configure:4258: checking for uint8_t
configure:4258: mpicc -c -g -O2 -I/usr/include  conftest.c >&5
configure:4258: $? = 0
configure:4258: result: yes
configure:4272: checking for uint16_t
configure:4272: mpicc -c -g -O2 -I/usr/include  conftest.c >&5
configure:4272: $? = 0
configure:4272: result: yes
configure:4284: checking for uint32_t
configure:4284: mpicc -c -g -O2 -I/usr/include  conftest.c >&5
configure:4284: $? = 0
configure:4284: result: yes
configure:4298: checking for uint64_t
configure:4298: mpicc -c -g -O2 -I/usr/include  conftest.c >&5
configure:4298: $? = 0
configure:4298: result: yes
configure:4312: checking for ptrdiff_t
configure:4312: mpicc -c -g -O2 -I/usr/include  conftest.c >&5
configure:4312: $? = 0
configure:4312: mpicc -c -g -O2 -I/usr/include  conftest.c >&5
conftest.c: In function 'main':
conftest.c:63:24: error: expected expression before ')' token
 if (sizeof ((ptrdiff_t)))
                        ^
configure:4312: $? = 1
configure: failed program was:
| /* confdefs.h */
| #define PACKAGE_NAME "Turbine"
| #define PACKAGE_TARNAME "turbine"
| #define PACKAGE_VERSION "0.8.0"
| #define PACKAGE_STRING "Turbine 0.8.0"
| #define PACKAGE_BUGREPORT "wozniak@mcs.anl.gov"
| #define PACKAGE_URL ""
| #define STDC_HEADERS 1
| #define HAVE_SYS_TYPES_H 1
| #define HAVE_SYS_STAT_H 1
| #define HAVE_STDLIB_H 1
| #define HAVE_STRING_H 1
| #define HAVE_MEMORY_H 1
| #define HAVE_STRINGS_H 1
| #define HAVE_INTTYPES_H 1
| #define HAVE_STDINT_H 1
| #define HAVE_UNISTD_H 1
| #define HAVE_FCNTL_H 1
| #define HAVE_LIMITS_H 1
| #define HAVE_MALLOC_H 1
| #define HAVE_STDDEF_H 1
| #define HAVE_SYS_PARAM_H 1
| #define HAVE_SYS_TIME_H 1
| #define HAVE__BOOL 1
| #define HAVE_STDBOOL_H 1
| /* end confdefs.h.  */
| #include <stdio.h>
| #ifdef HAVE_SYS_TYPES_H
| # include <sys/types.h>
| #endif
| #ifdef HAVE_SYS_STAT_H
| # include <sys/stat.h>
| #endif
| #ifdef STDC_HEADERS
| # include <stdlib.h>
| # include <stddef.h>
| #else
| # ifdef HAVE_STDLIB_H
| #  include <stdlib.h>
| # endif
| #endif
| #ifdef HAVE_STRING_H
| # if !defined STDC_HEADERS && defined HAVE_MEMORY_H
| #  include <memory.h>
| # endif
| # include <string.h>
| #endif
| #ifdef HAVE_STRINGS_H
| # include <strings.h>
| #endif
| #ifdef HAVE_INTTYPES_H
| # include <inttypes.h>
| #endif
| #ifdef HAVE_STDINT_H
| # include <stdint.h>
| #endif
| #ifdef HAVE_UNISTD_H
| # include <unistd.h>
| #endif
| int
| main ()
| {
| if (sizeof ((ptrdiff_t)))
| 	    return 0;
|   ;
|   return 0;
| }
configure:4312: result: yes
configure:4328: checking vfork.h usability
configure:4328: mpicc -c -g -O2 -I/usr/include  conftest.c >&5
conftest.c:61:19: fatal error: vfork.h: No such file or directory
 #include <vfork.h>
                   ^
compilation terminated.
configure:4328: $? = 1
configure: failed program was:
| /* confdefs.h */
| #define PACKAGE_NAME "Turbine"
| #define PACKAGE_TARNAME "turbine"
| #define PACKAGE_VERSION "0.8.0"
| #define PACKAGE_STRING "Turbine 0.8.0"
| #define PACKAGE_BUGREPORT "wozniak@mcs.anl.gov"
| #define PACKAGE_URL ""
| #define STDC_HEADERS 1
| #define HAVE_SYS_TYPES_H 1
| #define HAVE_SYS_STAT_H 1
| #define HAVE_STDLIB_H 1
| #define HAVE_STRING_H 1
| #define HAVE_MEMORY_H 1
| #define HAVE_STRINGS_H 1
| #define HAVE_INTTYPES_H 1
| #define HAVE_STDINT_H 1
| #define HAVE_UNISTD_H 1
| #define HAVE_FCNTL_H 1
| #define HAVE_LIMITS_H 1
| #define HAVE_MALLOC_H 1
| #define HAVE_STDDEF_H 1
| #define HAVE_SYS_PARAM_H 1
| #define HAVE_SYS_TIME_H 1
| #define HAVE__BOOL 1
| #define HAVE_STDBOOL_H 1
| #define HAVE_PTRDIFF_T 1
| /* end confdefs.h.  */
| #include <stdio.h>
| #ifdef HAVE_SYS_TYPES_H
| # include <sys/types.h>
| #endif
| #ifdef HAVE_SYS_STAT_H
| # include <sys/stat.h>
| #endif
| #ifdef STDC_HEADERS
| # include <stdlib.h>
| # include <stddef.h>
| #else
| # ifdef HAVE_STDLIB_H
| #  include <stdlib.h>
| # endif
| #endif
| #ifdef HAVE_STRING_H
| # if !defined STDC_HEADERS && defined HAVE_MEMORY_H
| #  include <memory.h>
| # endif
| # include <string.h>
| #endif
| #ifdef HAVE_STRINGS_H
| # include <strings.h>
| #endif
| #ifdef HAVE_INTTYPES_H
| # include <inttypes.h>
| #endif
| #ifdef HAVE_STDINT_H
| # include <stdint.h>
| #endif
| #ifdef HAVE_UNISTD_H
| # include <unistd.h>
| #endif
| #include <vfork.h>
configure:4328: result: no
configure:4328: checking vfork.h presence
configure:4328: mpicc -E  conftest.c
conftest.c:28:19: fatal error: vfork.h: No such file or directory
 #include <vfork.h>
                   ^
compilation terminated.
configure:4328: $? = 1
configure: failed program was:
| /* confdefs.h */
| #define PACKAGE_NAME "Turbine"
| #define PACKAGE_TARNAME "turbine"
| #define PACKAGE_VERSION "0.8.0"
| #define PACKAGE_STRING "Turbine 0.8.0"
| #define PACKAGE_BUGREPORT "wozniak@mcs.anl.gov"
| #define PACKAGE_URL ""
| #define STDC_HEADERS 1
| #define HAVE_SYS_TYPES_H 1
| #define HAVE_SYS_STAT_H 1
| #define HAVE_STDLIB_H 1
| #define HAVE_STRING_H 1
| #define HAVE_MEMORY_H 1
| #define HAVE_STRINGS_H 1
| #define HAVE_INTTYPES_H 1
| #define HAVE_STDINT_H 1
| #define HAVE_UNISTD_H 1
| #define HAVE_FCNTL_H 1
| #define HAVE_LIMITS_H 1
| #define HAVE_MALLOC_H 1
| #define HAVE_STDDEF_H 1
| #define HAVE_SYS_PARAM_H 1
| #define HAVE_SYS_TIME_H 1
| #define HAVE__BOOL 1
| #define HAVE_STDBOOL_H 1
| #define HAVE_PTRDIFF_T 1
| /* end confdefs.h.  */
| #include <vfork.h>
configure:4328: result: no
configure:4328: checking for vfork.h
configure:4328: result: no
configure:4341: checking for fork
configure:4341: mpicc -o conftest -g -O2 -I/usr/include   conftest.c  >&5
conftest.c:51:6: warning: conflicting types for built-in function 'fork' [enabled by default]
 char fork ();
      ^
configure:4341: $? = 0
configure:4341: result: yes
configure:4341: checking for vfork
configure:4341: mpicc -o conftest -g -O2 -I/usr/include   conftest.c  >&5
configure:4341: $? = 0
configure:4341: result: yes
configure:4351: checking for working fork
configure:4373: mpicc -o conftest -g -O2 -I/usr/include   conftest.c  >&5
configure:4373: $? = 0
configure:4373: ./conftest
configure:4373: $? = 0
configure:4383: result: yes
configure:4404: checking for working vfork
configure:4514: result: yes
configure:4541: checking for stdlib.h
configure:4541: result: yes
configure:4551: checking for GNU libc compatible malloc
configure:4575: mpicc -o conftest -g -O2 -I/usr/include   conftest.c  >&5
configure:4575: $? = 0
configure:4575: ./conftest
configure:4575: $? = 0
configure:4585: result: yes
configure:4608: checking for stdlib.h
configure:4608: result: yes
configure:4618: checking for GNU libc compatible realloc
configure:4642: mpicc -o conftest -g -O2 -I/usr/include   conftest.c  >&5
configure:4642: $? = 0
configure:4642: ./conftest
configure:4642: $? = 0
configure:4652: result: yes
configure:4676: checking for gettimeofday
configure:4676: mpicc -o conftest -g -O2 -I/usr/include   conftest.c  >&5
configure:4676: $? = 0
configure:4676: result: yes
configure:4676: checking for mallinfo
configure:4676: mpicc -o conftest -g -O2 -I/usr/include   conftest.c  >&5
configure:4676: $? = 0
configure:4676: result: yes
configure:4676: checking for memchr
configure:4676: mpicc -o conftest -g -O2 -I/usr/include   conftest.c  >&5
conftest.c:61:6: warning: conflicting types for built-in function 'memchr' [enabled by default]
 char memchr ();
      ^
configure:4676: $? = 0
configure:4676: result: yes
configure:4676: checking for memset
configure:4676: mpicc -o conftest -g -O2 -I/usr/include   conftest.c  >&5
conftest.c:62:6: warning: conflicting types for built-in function 'memset' [enabled by default]
 char memset ();
      ^
configure:4676: $? = 0
configure:4676: result: yes
configure:4676: checking for pow
configure:4676: mpicc -o conftest -g -O2 -I/usr/include   conftest.c  >&5
conftest.c:63:6: warning: conflicting types for built-in function 'pow' [enabled by default]
 char pow ();
      ^
/tmp/ccYJtXq3.o: In function `main':
/home/basheersubei/swift-t/turbine/code/conftest.c:74: undefined reference to `pow'
collect2: error: ld returned 1 exit status
configure:4676: $? = 1
configure: failed program was:
| /* confdefs.h */
| #define PACKAGE_NAME "Turbine"
| #define PACKAGE_TARNAME "turbine"
| #define PACKAGE_VERSION "0.8.0"
| #define PACKAGE_STRING "Turbine 0.8.0"
| #define PACKAGE_BUGREPORT "wozniak@mcs.anl.gov"
| #define PACKAGE_URL ""
| #define STDC_HEADERS 1
| #define HAVE_SYS_TYPES_H 1
| #define HAVE_SYS_STAT_H 1
| #define HAVE_STDLIB_H 1
| #define HAVE_STRING_H 1
| #define HAVE_MEMORY_H 1
| #define HAVE_STRINGS_H 1
| #define HAVE_INTTYPES_H 1
| #define HAVE_STDINT_H 1
| #define HAVE_UNISTD_H 1
| #define HAVE_FCNTL_H 1
| #define HAVE_LIMITS_H 1
| #define HAVE_MALLOC_H 1
| #define HAVE_STDDEF_H 1
| #define HAVE_SYS_PARAM_H 1
| #define HAVE_SYS_TIME_H 1
| #define HAVE__BOOL 1
| #define HAVE_STDBOOL_H 1
| #define HAVE_PTRDIFF_T 1
| #define HAVE_FORK 1
| #define HAVE_VFORK 1
| #define HAVE_WORKING_VFORK 1
| #define HAVE_WORKING_FORK 1
| #define HAVE_STDLIB_H 1
| #define HAVE_MALLOC 1
| #define HAVE_STDLIB_H 1
| #define HAVE_REALLOC 1
| #define HAVE_GETTIMEOFDAY 1
| #define HAVE_MALLINFO 1
| #define HAVE_MEMCHR 1
| #define HAVE_MEMSET 1
| /* end confdefs.h.  */
| /* Define pow to an innocuous variant, in case <limits.h> declares pow.
|    For example, HP-UX 11i <limits.h> declares gettimeofday.  */
| #define pow innocuous_pow
| 
| /* System header to define __stub macros and hopefully few prototypes,
|     which can conflict with char pow (); below.
|     Prefer <limits.h> to <assert.h> if __STDC__ is defined, since
|     <limits.h> exists even on freestanding compilers.  */
| 
| #ifdef __STDC__
| # include <limits.h>
| #else
| # include <assert.h>
| #endif
| 
| #undef pow
| 
| /* Override any GCC internal prototype to avoid an error.
|    Use char because int might match the return type of a GCC
|    builtin and then its argument prototype would still apply.  */
| #ifdef __cplusplus
| extern "C"
| #endif
| char pow ();
| /* The GNU C library defines this for functions which it implements
|     to always fail with ENOSYS.  Some functions are actually named
|     something starting with __ and the normal name is an alias.  */
| #if defined __stub_pow || defined __stub___pow
| choke me
| #endif
| 
| int
| main ()
| {
| return pow ();
|   ;
|   return 0;
| }
configure:4676: result: no
configure:4676: checking for setenv
configure:4676: mpicc -o conftest -g -O2 -I/usr/include   conftest.c  >&5
configure:4676: $? = 0
configure:4676: result: yes
configure:4676: checking for strchr
configure:4676: mpicc -o conftest -g -O2 -I/usr/include   conftest.c  >&5
conftest.c:64:6: warning: conflicting types for built-in function 'strchr' [enabled by default]
 char strchr ();
      ^
configure:4676: $? = 0
configure:4676: result: yes
configure:4688: checking for strdup
configure:4688: mpicc -o conftest -g -O2 -I/usr/include   conftest.c  >&5
conftest.c:65:6: warning: conflicting types for built-in function 'strdup' [enabled by default]
 char strdup ();
      ^
configure:4688: $? = 0
configure:4688: result: yes
configure:4688: checking for strerror
configure:4688: mpicc -o conftest -g -O2 -I/usr/include   conftest.c  >&5
configure:4688: $? = 0
configure:4688: result: yes
configure:4688: checking for strlen
configure:4688: mpicc -o conftest -g -O2 -I/usr/include   conftest.c  >&5
conftest.c:67:6: warning: conflicting types for built-in function 'strlen' [enabled by default]
 char strlen ();
      ^
configure:4688: $? = 0
configure:4688: result: yes
configure:4688: checking for strnlen
configure:4688: mpicc -o conftest -g -O2 -I/usr/include   conftest.c  >&5
configure:4688: $? = 0
configure:4688: result: yes
configure:4688: checking for strstr
configure:4688: mpicc -o conftest -g -O2 -I/usr/include   conftest.c  >&5
conftest.c:69:6: warning: conflicting types for built-in function 'strstr' [enabled by default]
 char strstr ();
      ^
configure:4688: $? = 0
configure:4688: result: yes
configure:4688: checking for strtol
configure:4688: mpicc -o conftest -g -O2 -I/usr/include   conftest.c  >&5
configure:4688: $? = 0
configure:4688: result: yes
configure:4688: checking for strtoul
configure:4688: mpicc -o conftest -g -O2 -I/usr/include   conftest.c  >&5
configure:4688: $? = 0
configure:4688: result: yes
configure:4699: checking for uname
configure:4699: mpicc -o conftest -g -O2 -I/usr/include   conftest.c  >&5
configure:4699: $? = 0
configure:4699: result: yes
configure:4722: checking /home/basheersubei/exm-install/c-utils/include/c-utils.h
configure:4729: result: yes
configure:4859: result: PATH contains: /usr/bin/mpicc
configure:4863: result: Trying MPI directory: /usr
configure:4878: result: Found /usr/bin/mpiexec
configure:4895: result: Using MPI launcher: /usr/bin/mpiexec
configure:4959: checking for /usr/include/mpi/mpi.h
configure:4973: result: yes
configure:5009: checking for MPI library libmpi at /usr/lib
configure:5013: result: yes
configure:5108: checking MPI implementation in /usr/include/mpi/mpi.h 
configure:5126: result: MPICH2
configure:5201: result: Checkpointing enabled
configure:5214: checking for /home/basheersubei/exm-install/lb/include/adlb.h
configure:5220: result: ok
configure:5541: result: Coaster integration disabled
configure:5607: checking for ar
configure:5623: found /usr/bin/ar
configure:5635: result: ar
configure:5686: checking for ranlib
configure:5702: found /usr/bin/ranlib
configure:5713: result: ranlib
configure:5749: Tcl location not specified, trying to find tclsh on path
configure:5753: checking for tclsh8.6 on path
configure:5758: result: yes: /usr/bin/tclsh8.6
configure:5761: result: Found Tcl at /usr
configure:5856: checking for Tcl library at /usr/lib/libtcl8.6.so
configure:5878: result: no
configure:5856: checking for Tcl library at /usr/lib64/libtcl8.6.so
configure:5878: result: no
configure:5856: checking for Tcl library at /usr/lib/x86_64-linux-gnu/libtcl8.6.so
configure:5860: result: exists!
configure:5906: checking for tclConfig.sh at /usr/lib/x86_64-linux-gnu/tcl8.6
configure:5911: result: found
configure:5924: result: using tclConfig.sh in: /usr/lib/x86_64-linux-gnu/tcl8.6/
configure:5962: result: using Turbine Tcl executable: /usr/bin/tclsh8.6
configure:6001: checking for Tcl system library directory with init.tcl
configure:6053: result: yes
configure:6055: result: Found init.tcl: /usr/share/tcltk/tcl8.6/init.tcl
configure:6066: result: using Tcl system library directory: /usr/share/tcltk
configure:6204: checking for a sed that does not truncate output
configure:6268: result: /bin/sed
configure:6277: checking for gawk
configure:6293: found /usr/bin/gawk
configure:6304: result: gawk
configure:6367: checking for h5cc
configure:6400: result: no
configure:6367: checking for h5pcc
configure:6400: result: no
configure:6414: checking for HDF5 libraries
configure:6417: result: no
configure:6423: WARNING:
Unable to locate HDF5 compilation helper scripts 'h5cc' or 'h5pcc'.
Please specify --with-hdf5=<LOCATION> as the full path to h5cc or h5pcc.
HDF5 support is being disabled (equivalent to --with-hdf5=no).

configure:6792: creating ./config.status

## ---------------------- ##
## Running config.status. ##
## ---------------------- ##

This file was extended by Turbine config.status 0.8.0, which was
generated by GNU Autoconf 2.69.  Invocation command line was

  CONFIG_FILES    = 
  CONFIG_HEADERS  = 
  CONFIG_LINKS    = 
  CONFIG_COMMANDS = 
  $ ./config.status 

on virtual-ubuntu-server-1

config.status:932: creating src/turbine/turbine-version.h
config.status:932: creating src/turbine/module.mk
config.status:932: creating src/util/module.mk
config.status:932: creating src/util/debug-tokens.tcl
config.status:932: creating src/tcl/module.mk
config.status:932: creating src/tcl/adlb/module.mk
config.status:932: creating src/tcl/blob/module.mk
config.status:932: creating src/tcl/c-utils/module.mk
config.status:932: creating src/tcl/mpe/module.mk
config.status:932: creating src/tcl/julia/module.mk
config.status:932: creating src/tcl/python/module.mk
config.status:932: creating src/tcl/r/module.mk
config.status:932: creating src/tcl/static-pkg/module.mk
config.status:932: creating src/tcl/turbine/module.mk
config.status:932: creating src/executables/module.mk
config.status:932: creating lib/module.mk
config.status:932: creating scripts/main-wrap/module.mk
config.status:932: creating scripts/submit/module.mk
config.status:932: creating scripts/submit/cobalt/module.mk
config.status:932: creating scripts/submit/cray/module.mk
config.status:932: creating scripts/submit/ec2/module.mk
config.status:932: creating scripts/submit/pbs/module.mk
config.status:932: creating scripts/submit/slurm/module.mk
config.status:932: creating scripts/turbine-config.sh
config.status:932: creating scripts/turbine-build-config.sh
config.status:932: creating tests/module.mk
config.status:932: creating tests/runbin.zsh
config.status:932: creating Makefile
config.status:932: creating config.h
config.status:1102: config.h is unchanged

## ---------------- ##
## Cache variables. ##
## ---------------- ##

ac_cv_c_compiler_gnu=yes
ac_cv_c_inline=inline
ac_cv_c_int32_t=yes
ac_cv_c_int64_t=yes
ac_cv_c_uint16_t=yes
ac_cv_c_uint32_t=yes
ac_cv_c_uint64_t=yes
ac_cv_c_uint8_t=yes
ac_cv_env_CC_set=set
ac_cv_env_CC_value=mpicc
ac_cv_env_CFLAGS_set=
ac_cv_env_CFLAGS_value=
ac_cv_env_CPPFLAGS_set=
ac_cv_env_CPPFLAGS_value=
ac_cv_env_CPP_set=
ac_cv_env_CPP_value=
ac_cv_env_LDFLAGS_set=
ac_cv_env_LDFLAGS_value=
ac_cv_env_LIBS_set=
ac_cv_env_LIBS_value=
ac_cv_env_build_alias_set=
ac_cv_env_build_alias_value=
ac_cv_env_host_alias_set=
ac_cv_env_host_alias_value=
ac_cv_env_target_alias_set=
ac_cv_env_target_alias_value=
ac_cv_file__usr_include_mpi_mpi_h=yes
ac_cv_func_fork=yes
ac_cv_func_fork_works=yes
ac_cv_func_gettimeofday=yes
ac_cv_func_mallinfo=yes
ac_cv_func_malloc_0_nonnull=yes
ac_cv_func_memchr=yes
ac_cv_func_memset=yes
ac_cv_func_pow=no
ac_cv_func_realloc_0_nonnull=yes
ac_cv_func_setenv=yes
ac_cv_func_strchr=yes
ac_cv_func_strdup=yes
ac_cv_func_strerror=yes
ac_cv_func_strlen=yes
ac_cv_func_strnlen=yes
ac_cv_func_strstr=yes
ac_cv_func_strtol=yes
ac_cv_func_strtoul=yes
ac_cv_func_uname=yes
ac_cv_func_vfork=yes
ac_cv_func_vfork_works=yes
ac_cv_header_fcntl_h=yes
ac_cv_header_inttypes_h=yes
ac_cv_header_limits_h=yes
ac_cv_header_malloc_h=yes
ac_cv_header_memory_h=yes
ac_cv_header_stdbool_h=yes
ac_cv_header_stdc=yes
ac_cv_header_stddef_h=yes
ac_cv_header_stdint_h=yes
ac_cv_header_stdlib_h=yes
ac_cv_header_string_h=yes
ac_cv_header_strings_h=yes
ac_cv_header_sys_param_h=yes
ac_cv_header_sys_stat_h=yes
ac_cv_header_sys_time_h=yes
ac_cv_header_sys_types_h=yes
ac_cv_header_unistd_h=yes
ac_cv_header_vfork_h=no
ac_cv_header_zlib_h=yes
ac_cv_lib_z_inflateEnd=yes
ac_cv_objext=o
ac_cv_path_EGREP='/bin/grep -E'
ac_cv_path_GREP=/bin/grep
ac_cv_path_SED=/bin/sed
ac_cv_path_SWIG=/usr/bin/swig
ac_cv_path_cp_parents=yes
ac_cv_path_cp_u=yes
ac_cv_prog_AR=ar
ac_cv_prog_AWK=gawk
ac_cv_prog_CPP='mpicc -E'
ac_cv_prog_ac_ct_CC=mpicc
ac_cv_prog_ac_ct_RANLIB=ranlib
ac_cv_prog_cc_c89=
ac_cv_prog_cc_g=yes
ac_cv_type__Bool=yes
ac_cv_type_mode_t=yes
ac_cv_type_pid_t=yes
ac_cv_type_ptrdiff_t=yes
ac_cv_type_size_t=yes
zlib_cv_libz=yes
zlib_cv_zlib_h=yes

## ----------------- ##
## Output variables. ##
## ----------------- ##

AR='ar'
AWK='gawk'
CC='mpicc'
CFLAGS='-g -O2 -I/usr/include'
CPP='mpicc -E'
CPPFLAGS=''
CP_PARENTS='yes'
CP_U='yes'
DEFS='-DHAVE_CONFIG_H'
ECHO_C=''
ECHO_N='-n'
ECHO_T=''
EGREP='/bin/grep -E'
ENABLE_DEV='0'
ENABLE_FAST='0'
ENABLE_MPE='0'
ENABLE_SHARED='1'
ENABLE_STATIC='1'
ENABLE_STATIC_PKG='1'
ENABLE_XPT='yes'
ENABLE_ZLIB='1'
EXEEXT=''
GREP='/bin/grep'
H5CC=''
H5FC=''
HAVE_COASTER='0'
HAVE_JULIA='0'
HAVE_PYTHON='0'
HAVE_R='0'
HDF5_CC=''
HDF5_CFLAGS=''
HDF5_CPPFLAGS=''
HDF5_FC=''
HDF5_FFLAGS=''
HDF5_FLIBS=''
HDF5_LDFLAGS=''
HDF5_LIBS=''
HDF5_VERSION=''
LDFLAGS=''
LIBOBJS=''
LIBS=''
LTLIBOBJS=''
MPI_IMPL='MPICH2'
MPI_LINE_OUTPUT_FLAG='-l'
OBJEXT='o'
PACKAGE_BUGREPORT='wozniak@mcs.anl.gov'
PACKAGE_NAME='Turbine'
PACKAGE_STRING='Turbine 0.8.0'
PACKAGE_TARNAME='turbine'
PACKAGE_URL=''
PACKAGE_VERSION='0.8.0'
PATH_SEPARATOR=':'
RANLIB='ranlib'
SED='/bin/sed'
SHELL='/bin/bash'
SWIG='/usr/bin/swig'
TCL_INCLUDE_SPEC='-I/usr/include/tcl8.6'
TCL_LIB_SPEC='-L/usr/lib/x86_64-linux-gnu -ltcl8.6'
TCL_LIB_SPEC_EXTRA='-ldl -lz  -lpthread -lieee -lm'
TCL_VERSION='8.6'
TURBINE_VERSION='0.8.0'
USE_ADLB='/home/basheersubei/exm-install/lb'
USE_COASTER='0'
USE_C_UTILS='/home/basheersubei/exm-install/c-utils'
USE_JULIA='0'
USE_LAUNCHER='/usr/bin/mpiexec'
USE_LIBADLB_A='/home/basheersubei/exm-install/lb/lib/libadlb.a'
USE_LIBCUTILS_A='/home/basheersubei/exm-install/c-utils/lib/libexmcutils.a'
USE_LIBTCL_A='/usr/lib/x86_64-linux-gnu/libtcl8.6.a'
USE_LIBTCL_SO='/usr/lib/x86_64-linux-gnu/libtcl8.6.so'
USE_MAC='no'
USE_MACHINE='normal'
USE_MPE='0'
USE_MPE_LIB_A=''
USE_MPI_INCLUDE='/usr/include/mpi'
USE_MPI_LIB_A=''
USE_MPI_LIB_DIR='/usr/lib'
USE_MPI_LIB_EXTRA_A=''
USE_MPI_LIB_NAME='mpi'
USE_MPI_LIB_SPEC='-lmpi'
USE_PYTHON='0'
USE_PYTHON_INCLUDE='0'
USE_PYTHON_LIBDIR=''
USE_PYTHON_NAME='python2.7'
USE_R='0'
USE_TCL='/usr'
USE_TCLSH='/usr/bin/tclsh8.6'
USE_TCLSH_LOCAL='/usr/bin/tclsh8.6'
USE_TCL_LIB_DIR='/usr/lib/x86_64-linux-gnu'
USE_TCL_SYSLIB_DIR='/usr/share/tcltk'
USE_XLC='0'
ZLIB_HOME='/usr'
ac_ct_CC='mpicc'
bindir='${exec_prefix}/bin'
build_alias=''
datadir='${datarootdir}'
datarootdir='${prefix}/share'
docdir='${datarootdir}/doc/${PACKAGE_TARNAME}'
dvidir='${docdir}'
exec_prefix='${prefix}'
host_alias=''
htmldir='${docdir}'
includedir='${prefix}/include'
infodir='${datarootdir}/info'
libdir='${exec_prefix}/lib'
libexecdir='${exec_prefix}/libexec'
localedir='${datarootdir}/locale'
localstatedir='${prefix}/var'
mandir='${datarootdir}/man'
oldincludedir='/usr/include'
pdfdir='${docdir}'
prefix='/home/basheersubei/exm-install/turbine'
program_transform_name='s,x,x,'
psdir='${docdir}'
sbindir='${exec_prefix}/sbin'
sharedstatedir='${prefix}/com'
sysconfdir='${prefix}/etc'
target_alias=''

## ----------- ##
## confdefs.h. ##
## ----------- ##

/* confdefs.h */
#define PACKAGE_NAME "Turbine"
#define PACKAGE_TARNAME "turbine"
#define PACKAGE_VERSION "0.8.0"
#define PACKAGE_STRING "Turbine 0.8.0"
#define PACKAGE_BUGREPORT "wozniak@mcs.anl.gov"
#define PACKAGE_URL ""
#define STDC_HEADERS 1
#define HAVE_SYS_TYPES_H 1
#define HAVE_SYS_STAT_H 1
#define HAVE_STDLIB_H 1
#define HAVE_STRING_H 1
#define HAVE_MEMORY_H 1
#define HAVE_STRINGS_H 1
#define HAVE_INTTYPES_H 1
#define HAVE_STDINT_H 1
#define HAVE_UNISTD_H 1
#define HAVE_FCNTL_H 1
#define HAVE_LIMITS_H 1
#define HAVE_MALLOC_H 1
#define HAVE_STDDEF_H 1
#define HAVE_SYS_PARAM_H 1
#define HAVE_SYS_TIME_H 1
#define HAVE__BOOL 1
#define HAVE_STDBOOL_H 1
#define HAVE_PTRDIFF_T 1
#define HAVE_FORK 1
#define HAVE_VFORK 1
#define HAVE_WORKING_VFORK 1
#define HAVE_WORKING_FORK 1
#define HAVE_STDLIB_H 1
#define HAVE_MALLOC 1
#define HAVE_STDLIB_H 1
#define HAVE_REALLOC 1
#define HAVE_GETTIMEOFDAY 1
#define HAVE_MALLINFO 1
#define HAVE_MEMCHR 1
#define HAVE_MEMSET 1
#define HAVE_SETENV 1
#define HAVE_STRCHR 1
#define HAVE_STRDUP 1
#define HAVE_STRERROR 1
#define HAVE_STRLEN 1
#define HAVE_STRNLEN 1
#define HAVE_STRSTR 1
#define HAVE_STRTOL 1
#define HAVE_STRTOUL 1
#define HAVE_UNAME 1
#define HAVE_STDDEF_H /**/
#define HAVE_SYS_PARAM_H /**/
#define HAVE_PYTHON 0
#define HAVE_R 0
#define HAVE_JULIA 0
#define HAVE_COASTER 0
#define DISABLE_LOG 0
#define ENABLE_BGP 0

configure: exit 0
