This file contains any messages produced by compilers while
running configure, to aid debugging if configure makes a mistake.

It was created by EXMCUTILS configure 0.4.0, which was
generated by GNU Autoconf 2.69.  Invocation command line was

  $ ./configure --enable-shared --prefix=/home/basheersubei/exm-install/c-utils

## --------- ##
## Platform. ##
## --------- ##

hostname = virtual-ubuntu-server-1
uname -m = x86_64
uname -r = 3.16.0-30-generic
uname -s = Linux
uname -v = #40~14.04.1-Ubuntu SMP Thu Jan 15 17:43:14 UTC 2015

/usr/bin/uname -p = unknown
/bin/uname -X     = unknown

/bin/arch              = unknown
/usr/bin/arch -k       = unknown
/usr/convex/getsysinfo = unknown
/usr/bin/hostinfo      = unknown
/bin/machine           = unknown
/usr/bin/oslevel       = unknown
/bin/universe          = unknown

PATH: /usr/local/sbin
PATH: /usr/local/bin
PATH: /usr/sbin
PATH: /usr/bin
PATH: /sbin
PATH: /bin
PATH: /usr/games
PATH: /usr/local/games
PATH: /home/basheersubei/go/bin
PATH: /home/basheersubei/.rvm/bin
PATH: /usr/bin/turbine/bin
PATH: /usr/bin/stc/bin


## ----------- ##
## Core tests. ##
## ----------- ##

configure:2298: result: c-utils version: 0.4.0
configure:2368: checking for gcc
configure:2395: result: mpicc
configure:2624: checking for C compiler version
configure:2633: mpicc --version >&5
cc (Ubuntu 4.8.4-2ubuntu1~14.04) 4.8.4
Copyright (C) 2013 Free Software Foundation, Inc.
This is free software; see the source for copying conditions.  There is NO
warranty; not even for MERCHANTABILITY or FITNESS FOR A PARTICULAR PURPOSE.

configure:2644: $? = 0
configure:2633: mpicc -v >&5
mpicc for MPICH version 3.0.4
Using built-in specs.
COLLECT_GCC=cc
COLLECT_LTO_WRAPPER=/usr/lib/gcc/x86_64-linux-gnu/4.8/lto-wrapper
Target: x86_64-linux-gnu
Configured with: ../src/configure -v --with-pkgversion='Ubuntu 4.8.4-2ubuntu1~14.04' --with-bugurl=file:///usr/share/doc/gcc-4.8/README.Bugs --enable-languages=c,c++,java,go,d,fortran,objc,obj-c++ --prefix=/usr --program-suffix=-4.8 --enable-shared --enable-linker-build-id --libexecdir=/usr/lib --without-included-gettext --enable-threads=posix --with-gxx-include-dir=/usr/include/c++/4.8 --libdir=/usr/lib --enable-nls --with-sysroot=/ --enable-clocale=gnu --enable-libstdcxx-debug --enable-libstdcxx-time=yes --enable-gnu-unique-object --disable-libmudflap --enable-plugin --with-system-zlib --disable-browser-plugin --enable-java-awt=gtk --enable-gtk-cairo --with-java-home=/usr/lib/jvm/java-1.5.0-gcj-4.8-amd64/jre --enable-java-home --with-jvm-root-dir=/usr/lib/jvm/java-1.5.0-gcj-4.8-amd64 --with-jvm-jar-dir=/usr/lib/jvm-exports/java-1.5.0-gcj-4.8-amd64 --with-arch-directory=amd64 --with-ecj-jar=/usr/share/java/eclipse-ecj.jar --enable-objc-gc --enable-multiarch --disable-werror --with-arch-32=i686 --with-abi=m64 --with-multilib-list=m32,m64,mx32 --with-tune=generic --enable-checking=release --build=x86_64-linux-gnu --host=x86_64-linux-gnu --target=x86_64-linux-gnu
Thread model: posix
gcc version 4.8.4 (Ubuntu 4.8.4-2ubuntu1~14.04) 
configure:2644: $? = 0
configure:2633: mpicc -V >&5
cc: error: unrecognized command line option '-V'
configure:2644: $? = 1
configure:2633: mpicc -qversion >&5
cc: error: unrecognized command line option '-qversion'
configure:2644: $? = 1
configure:2664: checking whether the C compiler works
configure:2686: mpicc    conftest.c  >&5
configure:2690: $? = 0
configure:2738: result: yes
configure:2741: checking for C compiler default output file name
configure:2743: result: a.out
configure:2749: checking for suffix of executables
configure:2756: mpicc -o conftest    conftest.c  >&5
configure:2760: $? = 0
configure:2782: result: 
configure:2804: checking whether we are cross compiling
configure:2812: mpicc -o conftest    conftest.c  >&5
configure:2816: $? = 0
configure:2823: ./conftest
configure:2827: $? = 0
configure:2842: result: no
configure:2847: checking for suffix of object files
configure:2869: mpicc -c   conftest.c >&5
configure:2873: $? = 0
configure:2894: result: o
configure:2898: checking whether we are using the GNU C compiler
configure:2917: mpicc -c   conftest.c >&5
configure:2917: $? = 0
configure:2926: result: yes
configure:2935: checking whether mpicc accepts -g
configure:2955: mpicc -c -g  conftest.c >&5
configure:2955: $? = 0
configure:2996: result: yes
configure:3013: checking for mpicc option to accept ISO C89
configure:3076: mpicc  -c -g -O2  conftest.c >&5
configure:3076: $? = 0
configure:3089: result: none needed
configure:3117: checking how to run the C preprocessor
configure:3148: mpicc -E  conftest.c
configure:3148: $? = 0
configure:3162: mpicc -E  conftest.c
conftest.c:9:28: fatal error: ac_nonexistent.h: No such file or directory
 #include <ac_nonexistent.h>
                            ^
compilation terminated.
configure:3162: $? = 1
configure: failed program was:
| /* confdefs.h */
| #define PACKAGE_NAME "EXMCUTILS"
| #define PACKAGE_TARNAME "exmcutils"
| #define PACKAGE_VERSION "0.4.0"
| #define PACKAGE_STRING "EXMCUTILS 0.4.0"
| #define PACKAGE_BUGREPORT "wozniak@mcs.anl.gov"
| #define PACKAGE_URL ""
| /* end confdefs.h.  */
| #include <ac_nonexistent.h>
configure:3187: result: mpicc -E
configure:3207: mpicc -E  conftest.c
configure:3207: $? = 0
configure:3221: mpicc -E  conftest.c
conftest.c:9:28: fatal error: ac_nonexistent.h: No such file or directory
 #include <ac_nonexistent.h>
                            ^
compilation terminated.
configure:3221: $? = 1
configure: failed program was:
| /* confdefs.h */
| #define PACKAGE_NAME "EXMCUTILS"
| #define PACKAGE_TARNAME "exmcutils"
| #define PACKAGE_VERSION "0.4.0"
| #define PACKAGE_STRING "EXMCUTILS 0.4.0"
| #define PACKAGE_BUGREPORT "wozniak@mcs.anl.gov"
| #define PACKAGE_URL ""
| /* end confdefs.h.  */
| #include <ac_nonexistent.h>
configure:3250: checking for grep that handles long lines and -e
configure:3308: result: /bin/grep
configure:3313: checking for egrep
configure:3375: result: /bin/grep -E
configure:3380: checking for ANSI C header files
configure:3400: mpicc -c -g -O2  conftest.c >&5
configure:3400: $? = 0
configure:3473: mpicc -o conftest -g -O2   conftest.c  >&5
configure:3473: $? = 0
configure:3473: ./conftest
configure:3473: $? = 0
configure:3484: result: yes
configure:3497: checking for sys/types.h
configure:3497: mpicc -c -g -O2  conftest.c >&5
configure:3497: $? = 0
configure:3497: result: yes
configure:3497: checking for sys/stat.h
configure:3497: mpicc -c -g -O2  conftest.c >&5
configure:3497: $? = 0
configure:3497: result: yes
configure:3497: checking for stdlib.h
configure:3497: mpicc -c -g -O2  conftest.c >&5
configure:3497: $? = 0
configure:3497: result: yes
configure:3497: checking for string.h
configure:3497: mpicc -c -g -O2  conftest.c >&5
configure:3497: $? = 0
configure:3497: result: yes
configure:3497: checking for memory.h
configure:3497: mpicc -c -g -O2  conftest.c >&5
configure:3497: $? = 0
configure:3497: result: yes
configure:3497: checking for strings.h
configure:3497: mpicc -c -g -O2  conftest.c >&5
configure:3497: $? = 0
configure:3497: result: yes
configure:3497: checking for inttypes.h
configure:3497: mpicc -c -g -O2  conftest.c >&5
configure:3497: $? = 0
configure:3497: result: yes
configure:3497: checking for stdint.h
configure:3497: mpicc -c -g -O2  conftest.c >&5
configure:3497: $? = 0
configure:3497: result: yes
configure:3497: checking for unistd.h
configure:3497: mpicc -c -g -O2  conftest.c >&5
configure:3497: $? = 0
configure:3497: result: yes
configure:3512: checking stddef.h usability
configure:3512: mpicc -c -g -O2  conftest.c >&5
configure:3512: $? = 0
configure:3512: result: yes
configure:3512: checking stddef.h presence
configure:3512: mpicc -E  conftest.c
configure:3512: $? = 0
configure:3512: result: yes
configure:3512: checking for stddef.h
configure:3512: result: yes
configure:3512: checking for stdint.h
configure:3512: result: yes
configure:3512: checking for stdlib.h
configure:3512: result: yes
configure:3512: checking for string.h
configure:3512: result: yes
configure:3525: checking sys/param.h usability
configure:3525: mpicc -c -g -O2  conftest.c >&5
configure:3525: $? = 0
configure:3525: result: yes
configure:3525: checking sys/param.h presence
configure:3525: mpicc -E  conftest.c
configure:3525: $? = 0
configure:3525: result: yes
configure:3525: checking for sys/param.h
configure:3525: result: yes
configure:3525: checking sys/time.h usability
configure:3525: mpicc -c -g -O2  conftest.c >&5
configure:3525: $? = 0
configure:3525: result: yes
configure:3525: checking sys/time.h presence
configure:3525: mpicc -E  conftest.c
configure:3525: $? = 0
configure:3525: result: yes
configure:3525: checking for sys/time.h
configure:3525: result: yes
configure:3535: checking for stdbool.h that conforms to C99
configure:3602: mpicc -c -g -O2  conftest.c >&5
configure:3602: $? = 0
configure:3609: result: yes
configure:3611: checking for _Bool
configure:3611: mpicc -c -g -O2  conftest.c >&5
configure:3611: $? = 0
configure:3611: mpicc -c -g -O2  conftest.c >&5
conftest.c: In function 'main':
conftest.c:61:20: error: expected expression before ')' token
 if (sizeof ((_Bool)))
                    ^
configure:3611: $? = 1
configure: failed program was:
| /* confdefs.h */
| #define PACKAGE_NAME "EXMCUTILS"
| #define PACKAGE_TARNAME "exmcutils"
| #define PACKAGE_VERSION "0.4.0"
| #define PACKAGE_STRING "EXMCUTILS 0.4.0"
| #define PACKAGE_BUGREPORT "wozniak@mcs.anl.gov"
| #define PACKAGE_URL ""
| #define STDC_HEADERS 1
| #define HAVE_SYS_TYPES_H 1
| #define HAVE_SYS_STAT_H 1
| #define HAVE_STDLIB_H 1
| #define HAVE_STRING_H 1
| #define HAVE_MEMORY_H 1
| #define HAVE_STRINGS_H 1
| #define HAVE_INTTYPES_H 1
| #define HAVE_STDINT_H 1
| #define HAVE_UNISTD_H 1
| #define HAVE_STDDEF_H 1
| #define HAVE_STDINT_H 1
| #define HAVE_STDLIB_H 1
| #define HAVE_STRING_H 1
| #define HAVE_SYS_PARAM_H 1
| #define HAVE_SYS_TIME_H 1
| /* end confdefs.h.  */
| #include <stdio.h>
| #ifdef HAVE_SYS_TYPES_H
| # include <sys/types.h>
| #endif
| #ifdef HAVE_SYS_STAT_H
| # include <sys/stat.h>
| #endif
| #ifdef STDC_HEADERS
| # include <stdlib.h>
| # include <stddef.h>
| #else
| # ifdef HAVE_STDLIB_H
| #  include <stdlib.h>
| # endif
| #endif
| #ifdef HAVE_STRING_H
| # if !defined STDC_HEADERS && defined HAVE_MEMORY_H
| #  include <memory.h>
| # endif
| # include <string.h>
| #endif
| #ifdef HAVE_STRINGS_H
| # include <strings.h>
| #endif
| #ifdef HAVE_INTTYPES_H
| # include <inttypes.h>
| #endif
| #ifdef HAVE_STDINT_H
| # include <stdint.h>
| #endif
| #ifdef HAVE_UNISTD_H
| # include <unistd.h>
| #endif
| int
| main ()
| {
| if (sizeof ((_Bool)))
| 	    return 0;
|   ;
|   return 0;
| }
configure:3611: result: yes
configure:3630: checking for inline
configure:3646: mpicc -c -g -O2  conftest.c >&5
configure:3646: $? = 0
configure:3654: result: inline
configure:3672: checking for pid_t
configure:3672: mpicc -c -g -O2  conftest.c >&5
configure:3672: $? = 0
configure:3672: mpicc -c -g -O2  conftest.c >&5
conftest.c: In function 'main':
conftest.c:63:20: error: expected expression before ')' token
 if (sizeof ((pid_t)))
                    ^
configure:3672: $? = 1
configure: failed program was:
| /* confdefs.h */
| #define PACKAGE_NAME "EXMCUTILS"
| #define PACKAGE_TARNAME "exmcutils"
| #define PACKAGE_VERSION "0.4.0"
| #define PACKAGE_STRING "EXMCUTILS 0.4.0"
| #define PACKAGE_BUGREPORT "wozniak@mcs.anl.gov"
| #define PACKAGE_URL ""
| #define STDC_HEADERS 1
| #define HAVE_SYS_TYPES_H 1
| #define HAVE_SYS_STAT_H 1
| #define HAVE_STDLIB_H 1
| #define HAVE_STRING_H 1
| #define HAVE_MEMORY_H 1
| #define HAVE_STRINGS_H 1
| #define HAVE_INTTYPES_H 1
| #define HAVE_STDINT_H 1
| #define HAVE_UNISTD_H 1
| #define HAVE_STDDEF_H 1
| #define HAVE_STDINT_H 1
| #define HAVE_STDLIB_H 1
| #define HAVE_STRING_H 1
| #define HAVE_SYS_PARAM_H 1
| #define HAVE_SYS_TIME_H 1
| #define HAVE__BOOL 1
| #define HAVE_STDBOOL_H 1
| /* end confdefs.h.  */
| #include <stdio.h>
| #ifdef HAVE_SYS_TYPES_H
| # include <sys/types.h>
| #endif
| #ifdef HAVE_SYS_STAT_H
| # include <sys/stat.h>
| #endif
| #ifdef STDC_HEADERS
| # include <stdlib.h>
| # include <stddef.h>
| #else
| # ifdef HAVE_STDLIB_H
| #  include <stdlib.h>
| # endif
| #endif
| #ifdef HAVE_STRING_H
| # if !defined STDC_HEADERS && defined HAVE_MEMORY_H
| #  include <memory.h>
| # endif
| # include <string.h>
| #endif
| #ifdef HAVE_STRINGS_H
| # include <strings.h>
| #endif
| #ifdef HAVE_INTTYPES_H
| # include <inttypes.h>
| #endif
| #ifdef HAVE_STDINT_H
| # include <stdint.h>
| #endif
| #ifdef HAVE_UNISTD_H
| # include <unistd.h>
| #endif
| int
| main ()
| {
| if (sizeof ((pid_t)))
| 	    return 0;
|   ;
|   return 0;
| }
configure:3672: result: yes
configure:3683: checking for int64_t
configure:3683: mpicc -c -g -O2  conftest.c >&5
configure:3683: $? = 0
configure:3683: mpicc -c -g -O2  conftest.c >&5
conftest.c: In function 'main':
conftest.c:65:53: warning: integer overflow in expression [-Woverflow]
    < (int64_t) (((((int64_t) 1 << N) << N) - 1) * 2 + 2))];
                                                     ^
conftest.c:64:12: error: storage size of 'test_array' isn't constant
 static int test_array [1 - 2 * !((int64_t) (((((int64_t) 1 << N) << N) - 1) * 2 + 1)
            ^
configure:3683: $? = 1
configure: failed program was:
| /* confdefs.h */
| #define PACKAGE_NAME "EXMCUTILS"
| #define PACKAGE_TARNAME "exmcutils"
| #define PACKAGE_VERSION "0.4.0"
| #define PACKAGE_STRING "EXMCUTILS 0.4.0"
| #define PACKAGE_BUGREPORT "wozniak@mcs.anl.gov"
| #define PACKAGE_URL ""
| #define STDC_HEADERS 1
| #define HAVE_SYS_TYPES_H 1
| #define HAVE_SYS_STAT_H 1
| #define HAVE_STDLIB_H 1
| #define HAVE_STRING_H 1
| #define HAVE_MEMORY_H 1
| #define HAVE_STRINGS_H 1
| #define HAVE_INTTYPES_H 1
| #define HAVE_STDINT_H 1
| #define HAVE_UNISTD_H 1
| #define HAVE_STDDEF_H 1
| #define HAVE_STDINT_H 1
| #define HAVE_STDLIB_H 1
| #define HAVE_STRING_H 1
| #define HAVE_SYS_PARAM_H 1
| #define HAVE_SYS_TIME_H 1
| #define HAVE__BOOL 1
| #define HAVE_STDBOOL_H 1
| /* end confdefs.h.  */
| #include <stdio.h>
| #ifdef HAVE_SYS_TYPES_H
| # include <sys/types.h>
| #endif
| #ifdef HAVE_SYS_STAT_H
| # include <sys/stat.h>
| #endif
| #ifdef STDC_HEADERS
| # include <stdlib.h>
| # include <stddef.h>
| #else
| # ifdef HAVE_STDLIB_H
| #  include <stdlib.h>
| # endif
| #endif
| #ifdef HAVE_STRING_H
| # if !defined STDC_HEADERS && defined HAVE_MEMORY_H
| #  include <memory.h>
| # endif
| # include <string.h>
| #endif
| #ifdef HAVE_STRINGS_H
| # include <strings.h>
| #endif
| #ifdef HAVE_INTTYPES_H
| # include <inttypes.h>
| #endif
| #ifdef HAVE_STDINT_H
| # include <stdint.h>
| #endif
| #ifdef HAVE_UNISTD_H
| # include <unistd.h>
| #endif
| 	        enum { N = 64 / 2 - 1 };
| int
| main ()
| {
| static int test_array [1 - 2 * !((int64_t) (((((int64_t) 1 << N) << N) - 1) * 2 + 1)
| 		 < (int64_t) (((((int64_t) 1 << N) << N) - 1) * 2 + 2))];
| test_array [0] = 0;
| return test_array [0];
| 
|   ;
|   return 0;
| }
configure:3683: result: yes
configure:3694: checking for uint8_t
configure:3694: mpicc -c -g -O2  conftest.c >&5
configure:3694: $? = 0
configure:3694: result: yes
configure:3708: checking for uint16_t
configure:3708: mpicc -c -g -O2  conftest.c >&5
configure:3708: $? = 0
configure:3708: result: yes
configure:3720: checking for uint32_t
configure:3720: mpicc -c -g -O2  conftest.c >&5
configure:3720: $? = 0
configure:3720: result: yes
configure:3734: checking for uint64_t
configure:3734: mpicc -c -g -O2  conftest.c >&5
configure:3734: $? = 0
configure:3734: result: yes
configure:3748: checking for off_t
configure:3748: mpicc -c -g -O2  conftest.c >&5
configure:3748: $? = 0
configure:3748: mpicc -c -g -O2  conftest.c >&5
conftest.c: In function 'main':
conftest.c:63:20: error: expected expression before ')' token
 if (sizeof ((off_t)))
                    ^
configure:3748: $? = 1
configure: failed program was:
| /* confdefs.h */
| #define PACKAGE_NAME "EXMCUTILS"
| #define PACKAGE_TARNAME "exmcutils"
| #define PACKAGE_VERSION "0.4.0"
| #define PACKAGE_STRING "EXMCUTILS 0.4.0"
| #define PACKAGE_BUGREPORT "wozniak@mcs.anl.gov"
| #define PACKAGE_URL ""
| #define STDC_HEADERS 1
| #define HAVE_SYS_TYPES_H 1
| #define HAVE_SYS_STAT_H 1
| #define HAVE_STDLIB_H 1
| #define HAVE_STRING_H 1
| #define HAVE_MEMORY_H 1
| #define HAVE_STRINGS_H 1
| #define HAVE_INTTYPES_H 1
| #define HAVE_STDINT_H 1
| #define HAVE_UNISTD_H 1
| #define HAVE_STDDEF_H 1
| #define HAVE_STDINT_H 1
| #define HAVE_STDLIB_H 1
| #define HAVE_STRING_H 1
| #define HAVE_SYS_PARAM_H 1
| #define HAVE_SYS_TIME_H 1
| #define HAVE__BOOL 1
| #define HAVE_STDBOOL_H 1
| /* end confdefs.h.  */
| #include <stdio.h>
| #ifdef HAVE_SYS_TYPES_H
| # include <sys/types.h>
| #endif
| #ifdef HAVE_SYS_STAT_H
| # include <sys/stat.h>
| #endif
| #ifdef STDC_HEADERS
| # include <stdlib.h>
| # include <stddef.h>
| #else
| # ifdef HAVE_STDLIB_H
| #  include <stdlib.h>
| # endif
| #endif
| #ifdef HAVE_STRING_H
| # if !defined STDC_HEADERS && defined HAVE_MEMORY_H
| #  include <memory.h>
| # endif
| # include <string.h>
| #endif
| #ifdef HAVE_STRINGS_H
| # include <strings.h>
| #endif
| #ifdef HAVE_INTTYPES_H
| # include <inttypes.h>
| #endif
| #ifdef HAVE_STDINT_H
| # include <stdint.h>
| #endif
| #ifdef HAVE_UNISTD_H
| # include <unistd.h>
| #endif
| int
| main ()
| {
| if (sizeof ((off_t)))
| 	    return 0;
|   ;
|   return 0;
| }
configure:3748: result: yes
configure:3759: checking for size_t
configure:3759: mpicc -c -g -O2  conftest.c >&5
configure:3759: $? = 0
configure:3759: mpicc -c -g -O2  conftest.c >&5
conftest.c: In function 'main':
conftest.c:63:21: error: expected expression before ')' token
 if (sizeof ((size_t)))
                     ^
configure:3759: $? = 1
configure: failed program was:
| /* confdefs.h */
| #define PACKAGE_NAME "EXMCUTILS"
| #define PACKAGE_TARNAME "exmcutils"
| #define PACKAGE_VERSION "0.4.0"
| #define PACKAGE_STRING "EXMCUTILS 0.4.0"
| #define PACKAGE_BUGREPORT "wozniak@mcs.anl.gov"
| #define PACKAGE_URL ""
| #define STDC_HEADERS 1
| #define HAVE_SYS_TYPES_H 1
| #define HAVE_SYS_STAT_H 1
| #define HAVE_STDLIB_H 1
| #define HAVE_STRING_H 1
| #define HAVE_MEMORY_H 1
| #define HAVE_STRINGS_H 1
| #define HAVE_INTTYPES_H 1
| #define HAVE_STDINT_H 1
| #define HAVE_UNISTD_H 1
| #define HAVE_STDDEF_H 1
| #define HAVE_STDINT_H 1
| #define HAVE_STDLIB_H 1
| #define HAVE_STRING_H 1
| #define HAVE_SYS_PARAM_H 1
| #define HAVE_SYS_TIME_H 1
| #define HAVE__BOOL 1
| #define HAVE_STDBOOL_H 1
| /* end confdefs.h.  */
| #include <stdio.h>
| #ifdef HAVE_SYS_TYPES_H
| # include <sys/types.h>
| #endif
| #ifdef HAVE_SYS_STAT_H
| # include <sys/stat.h>
| #endif
| #ifdef STDC_HEADERS
| # include <stdlib.h>
| # include <stddef.h>
| #else
| # ifdef HAVE_STDLIB_H
| #  include <stdlib.h>
| # endif
| #endif
| #ifdef HAVE_STRING_H
| # if !defined STDC_HEADERS && defined HAVE_MEMORY_H
| #  include <memory.h>
| # endif
| # include <string.h>
| #endif
| #ifdef HAVE_STRINGS_H
| # include <strings.h>
| #endif
| #ifdef HAVE_INTTYPES_H
| # include <inttypes.h>
| #endif
| #ifdef HAVE_STDINT_H
| # include <stdint.h>
| #endif
| #ifdef HAVE_UNISTD_H
| # include <unistd.h>
| #endif
| int
| main ()
| {
| if (sizeof ((size_t)))
| 	    return 0;
|   ;
|   return 0;
| }
configure:3759: result: yes
configure:3777: checking for floor
configure:3777: mpicc -o conftest -g -O2   conftest.c  >&5
conftest.c:50:6: warning: conflicting types for built-in function 'floor' [enabled by default]
 char floor ();
      ^
/tmp/ccqhO1fq.o: In function `main':
/home/basheersubei/swift-t/c-utils/conftest.c:61: undefined reference to `floor'
collect2: error: ld returned 1 exit status
configure:3777: $? = 1
configure: failed program was:
| /* confdefs.h */
| #define PACKAGE_NAME "EXMCUTILS"
| #define PACKAGE_TARNAME "exmcutils"
| #define PACKAGE_VERSION "0.4.0"
| #define PACKAGE_STRING "EXMCUTILS 0.4.0"
| #define PACKAGE_BUGREPORT "wozniak@mcs.anl.gov"
| #define PACKAGE_URL ""
| #define STDC_HEADERS 1
| #define HAVE_SYS_TYPES_H 1
| #define HAVE_SYS_STAT_H 1
| #define HAVE_STDLIB_H 1
| #define HAVE_STRING_H 1
| #define HAVE_MEMORY_H 1
| #define HAVE_STRINGS_H 1
| #define HAVE_INTTYPES_H 1
| #define HAVE_STDINT_H 1
| #define HAVE_UNISTD_H 1
| #define HAVE_STDDEF_H 1
| #define HAVE_STDINT_H 1
| #define HAVE_STDLIB_H 1
| #define HAVE_STRING_H 1
| #define HAVE_SYS_PARAM_H 1
| #define HAVE_SYS_TIME_H 1
| #define HAVE__BOOL 1
| #define HAVE_STDBOOL_H 1
| /* end confdefs.h.  */
| /* Define floor to an innocuous variant, in case <limits.h> declares floor.
|    For example, HP-UX 11i <limits.h> declares gettimeofday.  */
| #define floor innocuous_floor
| 
| /* System header to define __stub macros and hopefully few prototypes,
|     which can conflict with char floor (); below.
|     Prefer <limits.h> to <assert.h> if __STDC__ is defined, since
|     <limits.h> exists even on freestanding compilers.  */
| 
| #ifdef __STDC__
| # include <limits.h>
| #else
| # include <assert.h>
| #endif
| 
| #undef floor
| 
| /* Override any GCC internal prototype to avoid an error.
|    Use char because int might match the return type of a GCC
|    builtin and then its argument prototype would still apply.  */
| #ifdef __cplusplus
| extern "C"
| #endif
| char floor ();
| /* The GNU C library defines this for functions which it implements
|     to always fail with ENOSYS.  Some functions are actually named
|     something starting with __ and the normal name is an alias.  */
| #if defined __stub_floor || defined __stub___floor
| choke me
| #endif
| 
| int
| main ()
| {
| return floor ();
|   ;
|   return 0;
| }
configure:3777: result: no
configure:3777: checking for gettimeofday
configure:3777: mpicc -o conftest -g -O2   conftest.c  >&5
configure:3777: $? = 0
configure:3777: result: yes
configure:3777: checking for memchr
configure:3777: mpicc -o conftest -g -O2   conftest.c  >&5
conftest.c:51:6: warning: conflicting types for built-in function 'memchr' [enabled by default]
 char memchr ();
      ^
configure:3777: $? = 0
configure:3777: result: yes
configure:3777: checking for memmove
configure:3777: mpicc -o conftest -g -O2   conftest.c  >&5
conftest.c:52:6: warning: conflicting types for built-in function 'memmove' [enabled by default]
 char memmove ();
      ^
configure:3777: $? = 0
configure:3777: result: yes
configure:3789: checking for strchr
configure:3789: mpicc -o conftest -g -O2   conftest.c  >&5
conftest.c:53:6: warning: conflicting types for built-in function 'strchr' [enabled by default]
 char strchr ();
      ^
configure:3789: $? = 0
configure:3789: result: yes
configure:3789: checking for strdup
configure:3789: mpicc -o conftest -g -O2   conftest.c  >&5
conftest.c:54:6: warning: conflicting types for built-in function 'strdup' [enabled by default]
 char strdup ();
      ^
configure:3789: $? = 0
configure:3789: result: yes
configure:3789: checking for strnlen
configure:3789: mpicc -o conftest -g -O2   conftest.c  >&5
configure:3789: $? = 0
configure:3789: result: yes
configure:3789: checking for strtol
configure:3789: mpicc -o conftest -g -O2   conftest.c  >&5
configure:3789: $? = 0
configure:3789: result: yes
configure:3800: checking for stdlib.h
configure:3800: result: yes
configure:3810: checking for GNU libc compatible malloc
configure:3834: mpicc -o conftest -g -O2   conftest.c  >&5
configure:3834: $? = 0
configure:3834: ./conftest
configure:3834: $? = 0
configure:3844: result: yes
configure:3867: checking for stdlib.h
configure:3867: result: yes
configure:3877: checking for GNU libc compatible realloc
configure:3901: mpicc -o conftest -g -O2   conftest.c  >&5
configure:3901: $? = 0
configure:3901: ./conftest
configure:3901: $? = 0
configure:3911: result: yes
configure:3940: checking for cp that supports -u
configure:3973: result: yes
configure:4006: checking for ar
configure:4022: found /usr/bin/ar
configure:4034: result: ar
configure:4085: checking for ranlib
configure:4101: found /usr/bin/ranlib
configure:4112: result: ranlib
configure:4275: creating ./config.status

## ---------------------- ##
## Running config.status. ##
## ---------------------- ##

This file was extended by EXMCUTILS config.status 0.4.0, which was
generated by GNU Autoconf 2.69.  Invocation command line was

  CONFIG_FILES    = 
  CONFIG_HEADERS  = 
  CONFIG_LINKS    = 
  CONFIG_COMMANDS = 
  $ ./config.status 

on virtual-ubuntu-server-1

config.status:829: creating Makefile
config.status:829: creating src/module.mk
config.status:829: creating tests/module.mk
config.status:829: creating src/c-utils.h
config.status:829: creating c-utils-config.h
config.status:999: c-utils-config.h is unchanged

## ---------------- ##
## Cache variables. ##
## ---------------- ##

ac_cv_c_compiler_gnu=yes
ac_cv_c_inline=inline
ac_cv_c_int64_t=yes
ac_cv_c_uint16_t=yes
ac_cv_c_uint32_t=yes
ac_cv_c_uint64_t=yes
ac_cv_c_uint8_t=yes
ac_cv_env_CC_set=set
ac_cv_env_CC_value=mpicc
ac_cv_env_CFLAGS_set=
ac_cv_env_CFLAGS_value=
ac_cv_env_CPPFLAGS_set=
ac_cv_env_CPPFLAGS_value=
ac_cv_env_CPP_set=
ac_cv_env_CPP_value=
ac_cv_env_LDFLAGS_set=
ac_cv_env_LDFLAGS_value=
ac_cv_env_LIBS_set=
ac_cv_env_LIBS_value=
ac_cv_env_build_alias_set=
ac_cv_env_build_alias_value=
ac_cv_env_host_alias_set=
ac_cv_env_host_alias_value=
ac_cv_env_target_alias_set=
ac_cv_env_target_alias_value=
ac_cv_func_floor=no
ac_cv_func_gettimeofday=yes
ac_cv_func_malloc_0_nonnull=yes
ac_cv_func_memchr=yes
ac_cv_func_memmove=yes
ac_cv_func_realloc_0_nonnull=yes
ac_cv_func_strchr=yes
ac_cv_func_strdup=yes
ac_cv_func_strnlen=yes
ac_cv_func_strtol=yes
ac_cv_header_inttypes_h=yes
ac_cv_header_memory_h=yes
ac_cv_header_stdbool_h=yes
ac_cv_header_stdc=yes
ac_cv_header_stddef_h=yes
ac_cv_header_stdint_h=yes
ac_cv_header_stdlib_h=yes
ac_cv_header_string_h=yes
ac_cv_header_strings_h=yes
ac_cv_header_sys_param_h=yes
ac_cv_header_sys_stat_h=yes
ac_cv_header_sys_time_h=yes
ac_cv_header_sys_types_h=yes
ac_cv_header_unistd_h=yes
ac_cv_objext=o
ac_cv_path_EGREP='/bin/grep -E'
ac_cv_path_GREP=/bin/grep
ac_cv_path_cp_u=yes
ac_cv_prog_AR=ar
ac_cv_prog_CPP='mpicc -E'
ac_cv_prog_ac_ct_CC=mpicc
ac_cv_prog_ac_ct_RANLIB=ranlib
ac_cv_prog_cc_c89=
ac_cv_prog_cc_g=yes
ac_cv_type__Bool=yes
ac_cv_type_off_t=yes
ac_cv_type_pid_t=yes
ac_cv_type_size_t=yes

## ----------------- ##
## Output variables. ##
## ----------------- ##

AR='ar'
CC='mpicc'
CFLAGS='-g -O2'
CPP='mpicc -E'
CPPFLAGS=''
CP_U='yes'
C_UTILS_VERSION='0.4.0'
DEFS='-DHAVE_CONFIG_H'
ECHO_C=''
ECHO_N='-n'
ECHO_T=''
EGREP='/bin/grep -E'
ENABLE_FAST=''
ENABLE_SHARED='1'
ENABLE_STATIC='1'
EXEEXT=''
GREP='/bin/grep'
LDFLAGS=''
LIBOBJS=''
LIBS=''
LTLIBOBJS=''
OBJEXT='o'
PACKAGE_BUGREPORT='wozniak@mcs.anl.gov'
PACKAGE_NAME='EXMCUTILS'
PACKAGE_STRING='EXMCUTILS 0.4.0'
PACKAGE_TARNAME='exmcutils'
PACKAGE_URL=''
PACKAGE_VERSION='0.4.0'
PATH_SEPARATOR=':'
RANLIB='ranlib'
SHELL='/bin/bash'
SUBST_HAVE_STRNLEN='1'
USE_MAC='no'
USE_XLC='0'
ac_ct_CC='mpicc'
bindir='${exec_prefix}/bin'
build_alias=''
datadir='${datarootdir}'
datarootdir='${prefix}/share'
docdir='${datarootdir}/doc/${PACKAGE_TARNAME}'
dvidir='${docdir}'
exec_prefix='${prefix}'
host_alias=''
htmldir='${docdir}'
includedir='${prefix}/include'
infodir='${datarootdir}/info'
libdir='${exec_prefix}/lib'
libexecdir='${exec_prefix}/libexec'
localedir='${datarootdir}/locale'
localstatedir='${prefix}/var'
mandir='${datarootdir}/man'
oldincludedir='/usr/include'
pdfdir='${docdir}'
prefix='/home/basheersubei/exm-install/c-utils'
program_transform_name='s,x,x,'
psdir='${docdir}'
sbindir='${exec_prefix}/sbin'
sharedstatedir='${prefix}/com'
sysconfdir='${prefix}/etc'
target_alias=''

## ----------- ##
## confdefs.h. ##
## ----------- ##

/* confdefs.h */
#define PACKAGE_NAME "EXMCUTILS"
#define PACKAGE_TARNAME "exmcutils"
#define PACKAGE_VERSION "0.4.0"
#define PACKAGE_STRING "EXMCUTILS 0.4.0"
#define PACKAGE_BUGREPORT "wozniak@mcs.anl.gov"
#define PACKAGE_URL ""
#define STDC_HEADERS 1
#define HAVE_SYS_TYPES_H 1
#define HAVE_SYS_STAT_H 1
#define HAVE_STDLIB_H 1
#define HAVE_STRING_H 1
#define HAVE_MEMORY_H 1
#define HAVE_STRINGS_H 1
#define HAVE_INTTYPES_H 1
#define HAVE_STDINT_H 1
#define HAVE_UNISTD_H 1
#define HAVE_STDDEF_H 1
#define HAVE_STDINT_H 1
#define HAVE_STDLIB_H 1
#define HAVE_STRING_H 1
#define HAVE_SYS_PARAM_H 1
#define HAVE_SYS_TIME_H 1
#define HAVE__BOOL 1
#define HAVE_STDBOOL_H 1
#define HAVE_GETTIMEOFDAY 1
#define HAVE_MEMCHR 1
#define HAVE_MEMMOVE 1
#define HAVE_STRCHR 1
#define HAVE_STRDUP 1
#define HAVE_STRNLEN 1
#define HAVE_STRTOL 1
#define HAVE_STDLIB_H 1
#define HAVE_MALLOC 1
#define HAVE_STDLIB_H 1
#define HAVE_REALLOC 1

configure: exit 0
