This file contains any messages produced by compilers while
running configure, to aid debugging if configure makes a mistake.

It was created by XLB configure 0.6.0, which was
generated by GNU Autoconf 2.69.  Invocation command line was

  $ ./configure --with-c-utils=/home/basheersubei/exm-install/c-utils --prefix=/home/basheersubei/exm-install/lb

## --------- ##
## Platform. ##
## --------- ##

hostname = virtual-ubuntu-server-1
uname -m = x86_64
uname -r = 3.16.0-30-generic
uname -s = Linux
uname -v = #40~14.04.1-Ubuntu SMP Thu Jan 15 17:43:14 UTC 2015

/usr/bin/uname -p = unknown
/bin/uname -X     = unknown

/bin/arch              = unknown
/usr/bin/arch -k       = unknown
/usr/convex/getsysinfo = unknown
/usr/bin/hostinfo      = unknown
/bin/machine           = unknown
/usr/bin/oslevel       = unknown
/bin/universe          = unknown

PATH: /usr/local/sbin
PATH: /usr/local/bin
PATH: /usr/sbin
PATH: /usr/bin
PATH: /sbin
PATH: /bin
PATH: /usr/games
PATH: /usr/local/games
PATH: /home/basheersubei/go/bin
PATH: /home/basheersubei/.rvm/bin
PATH: /usr/bin/turbine/bin
PATH: /usr/bin/stc/bin
PATH: /home/basheersubei/go/bin
PATH: /home/basheersubei/.rvm/bin


## ----------- ##
## Core tests. ##
## ----------- ##

configure:2360: result: ADLB/X version: 0.6.0
configure:2456: checking for gcc
configure:2483: result: mpicc
configure:2712: checking for C compiler version
configure:2721: mpicc --version >&5
cc (Ubuntu 4.8.4-2ubuntu1~14.04) 4.8.4
Copyright (C) 2013 Free Software Foundation, Inc.
This is free software; see the source for copying conditions.  There is NO
warranty; not even for MERCHANTABILITY or FITNESS FOR A PARTICULAR PURPOSE.

configure:2732: $? = 0
configure:2721: mpicc -v >&5
mpicc for MPICH version 3.0.4
Using built-in specs.
COLLECT_GCC=cc
COLLECT_LTO_WRAPPER=/usr/lib/gcc/x86_64-linux-gnu/4.8/lto-wrapper
Target: x86_64-linux-gnu
Configured with: ../src/configure -v --with-pkgversion='Ubuntu 4.8.4-2ubuntu1~14.04' --with-bugurl=file:///usr/share/doc/gcc-4.8/README.Bugs --enable-languages=c,c++,java,go,d,fortran,objc,obj-c++ --prefix=/usr --program-suffix=-4.8 --enable-shared --enable-linker-build-id --libexecdir=/usr/lib --without-included-gettext --enable-threads=posix --with-gxx-include-dir=/usr/include/c++/4.8 --libdir=/usr/lib --enable-nls --with-sysroot=/ --enable-clocale=gnu --enable-libstdcxx-debug --enable-libstdcxx-time=yes --enable-gnu-unique-object --disable-libmudflap --enable-plugin --with-system-zlib --disable-browser-plugin --enable-java-awt=gtk --enable-gtk-cairo --with-java-home=/usr/lib/jvm/java-1.5.0-gcj-4.8-amd64/jre --enable-java-home --with-jvm-root-dir=/usr/lib/jvm/java-1.5.0-gcj-4.8-amd64 --with-jvm-jar-dir=/usr/lib/jvm-exports/java-1.5.0-gcj-4.8-amd64 --with-arch-directory=amd64 --with-ecj-jar=/usr/share/java/eclipse-ecj.jar --enable-objc-gc --enable-multiarch --disable-werror --with-arch-32=i686 --with-abi=m64 --with-multilib-list=m32,m64,mx32 --with-tune=generic --enable-checking=release --build=x86_64-linux-gnu --host=x86_64-linux-gnu --target=x86_64-linux-gnu
Thread model: posix
gcc version 4.8.4 (Ubuntu 4.8.4-2ubuntu1~14.04) 
configure:2732: $? = 0
configure:2721: mpicc -V >&5
cc: error: unrecognized command line option '-V'
configure:2732: $? = 1
configure:2721: mpicc -qversion >&5
cc: error: unrecognized command line option '-qversion'
configure:2732: $? = 1
configure:2752: checking whether the C compiler works
configure:2774: mpicc    conftest.c  >&5
configure:2778: $? = 0
configure:2826: result: yes
configure:2829: checking for C compiler default output file name
configure:2831: result: a.out
configure:2837: checking for suffix of executables
configure:2844: mpicc -o conftest    conftest.c  >&5
configure:2848: $? = 0
configure:2870: result: 
configure:2892: checking whether we are cross compiling
configure:2900: mpicc -o conftest    conftest.c  >&5
configure:2904: $? = 0
configure:2911: ./conftest
configure:2915: $? = 0
configure:2930: result: no
configure:2935: checking for suffix of object files
configure:2957: mpicc -c   conftest.c >&5
configure:2961: $? = 0
configure:2982: result: o
configure:2986: checking whether we are using the GNU C compiler
configure:3005: mpicc -c   conftest.c >&5
configure:3005: $? = 0
configure:3014: result: yes
configure:3023: checking whether mpicc accepts -g
configure:3043: mpicc -c -g  conftest.c >&5
configure:3043: $? = 0
configure:3084: result: yes
configure:3101: checking for mpicc option to accept ISO C89
configure:3164: mpicc  -c -g -O2  conftest.c >&5
configure:3164: $? = 0
configure:3177: result: none needed
configure:3204: checking how to run the C preprocessor
configure:3235: mpicc -E  conftest.c
configure:3235: $? = 0
configure:3249: mpicc -E  conftest.c
conftest.c:9:28: fatal error: ac_nonexistent.h: No such file or directory
 #include <ac_nonexistent.h>
                            ^
compilation terminated.
configure:3249: $? = 1
configure: failed program was:
| /* confdefs.h */
| #define PACKAGE_NAME "XLB"
| #define PACKAGE_TARNAME "xlb"
| #define PACKAGE_VERSION "0.6.0"
| #define PACKAGE_STRING "XLB 0.6.0"
| #define PACKAGE_BUGREPORT "wozniak@mcs.anl.gov"
| #define PACKAGE_URL ""
| /* end confdefs.h.  */
| #include <ac_nonexistent.h>
configure:3274: result: mpicc -E
configure:3294: mpicc -E  conftest.c
configure:3294: $? = 0
configure:3308: mpicc -E  conftest.c
conftest.c:9:28: fatal error: ac_nonexistent.h: No such file or directory
 #include <ac_nonexistent.h>
                            ^
compilation terminated.
configure:3308: $? = 1
configure: failed program was:
| /* confdefs.h */
| #define PACKAGE_NAME "XLB"
| #define PACKAGE_TARNAME "xlb"
| #define PACKAGE_VERSION "0.6.0"
| #define PACKAGE_STRING "XLB 0.6.0"
| #define PACKAGE_BUGREPORT "wozniak@mcs.anl.gov"
| #define PACKAGE_URL ""
| /* end confdefs.h.  */
| #include <ac_nonexistent.h>
configure:3337: checking for grep that handles long lines and -e
configure:3395: result: /bin/grep
configure:3400: checking for egrep
configure:3462: result: /bin/grep -E
configure:3467: checking for ANSI C header files
configure:3487: mpicc -c -g -O2  conftest.c >&5
configure:3487: $? = 0
configure:3560: mpicc -o conftest -g -O2   conftest.c  >&5
configure:3560: $? = 0
configure:3560: ./conftest
configure:3560: $? = 0
configure:3571: result: yes
configure:3584: checking for sys/types.h
configure:3584: mpicc -c -g -O2  conftest.c >&5
configure:3584: $? = 0
configure:3584: result: yes
configure:3584: checking for sys/stat.h
configure:3584: mpicc -c -g -O2  conftest.c >&5
configure:3584: $? = 0
configure:3584: result: yes
configure:3584: checking for stdlib.h
configure:3584: mpicc -c -g -O2  conftest.c >&5
configure:3584: $? = 0
configure:3584: result: yes
configure:3584: checking for string.h
configure:3584: mpicc -c -g -O2  conftest.c >&5
configure:3584: $? = 0
configure:3584: result: yes
configure:3584: checking for memory.h
configure:3584: mpicc -c -g -O2  conftest.c >&5
configure:3584: $? = 0
configure:3584: result: yes
configure:3584: checking for strings.h
configure:3584: mpicc -c -g -O2  conftest.c >&5
configure:3584: $? = 0
configure:3584: result: yes
configure:3584: checking for inttypes.h
configure:3584: mpicc -c -g -O2  conftest.c >&5
configure:3584: $? = 0
configure:3584: result: yes
configure:3584: checking for stdint.h
configure:3584: mpicc -c -g -O2  conftest.c >&5
configure:3584: $? = 0
configure:3584: result: yes
configure:3584: checking for unistd.h
configure:3584: mpicc -c -g -O2  conftest.c >&5
configure:3584: $? = 0
configure:3584: result: yes
configure:3596: checking for int32_t
configure:3596: mpicc -c -g -O2  conftest.c >&5
configure:3596: $? = 0
configure:3596: mpicc -c -g -O2  conftest.c >&5
conftest.c: In function 'main':
conftest.c:57:53: warning: integer overflow in expression [-Woverflow]
    < (int32_t) (((((int32_t) 1 << N) << N) - 1) * 2 + 2))];
                                                     ^
conftest.c:56:12: error: storage size of 'test_array' isn't constant
 static int test_array [1 - 2 * !((int32_t) (((((int32_t) 1 << N) << N) - 1) * 2 + 1)
            ^
configure:3596: $? = 1
configure: failed program was:
| /* confdefs.h */
| #define PACKAGE_NAME "XLB"
| #define PACKAGE_TARNAME "xlb"
| #define PACKAGE_VERSION "0.6.0"
| #define PACKAGE_STRING "XLB 0.6.0"
| #define PACKAGE_BUGREPORT "wozniak@mcs.anl.gov"
| #define PACKAGE_URL ""
| #define STDC_HEADERS 1
| #define HAVE_SYS_TYPES_H 1
| #define HAVE_SYS_STAT_H 1
| #define HAVE_STDLIB_H 1
| #define HAVE_STRING_H 1
| #define HAVE_MEMORY_H 1
| #define HAVE_STRINGS_H 1
| #define HAVE_INTTYPES_H 1
| #define HAVE_STDINT_H 1
| #define HAVE_UNISTD_H 1
| /* end confdefs.h.  */
| #include <stdio.h>
| #ifdef HAVE_SYS_TYPES_H
| # include <sys/types.h>
| #endif
| #ifdef HAVE_SYS_STAT_H
| # include <sys/stat.h>
| #endif
| #ifdef STDC_HEADERS
| # include <stdlib.h>
| # include <stddef.h>
| #else
| # ifdef HAVE_STDLIB_H
| #  include <stdlib.h>
| # endif
| #endif
| #ifdef HAVE_STRING_H
| # if !defined STDC_HEADERS && defined HAVE_MEMORY_H
| #  include <memory.h>
| # endif
| # include <string.h>
| #endif
| #ifdef HAVE_STRINGS_H
| # include <strings.h>
| #endif
| #ifdef HAVE_INTTYPES_H
| # include <inttypes.h>
| #endif
| #ifdef HAVE_STDINT_H
| # include <stdint.h>
| #endif
| #ifdef HAVE_UNISTD_H
| # include <unistd.h>
| #endif
| 	        enum { N = 32 / 2 - 1 };
| int
| main ()
| {
| static int test_array [1 - 2 * !((int32_t) (((((int32_t) 1 << N) << N) - 1) * 2 + 1)
| 		 < (int32_t) (((((int32_t) 1 << N) << N) - 1) * 2 + 2))];
| test_array [0] = 0;
| return test_array [0];
| 
|   ;
|   return 0;
| }
configure:3596: result: yes
configure:3607: checking for int64_t
configure:3607: mpicc -c -g -O2  conftest.c >&5
configure:3607: $? = 0
configure:3607: mpicc -c -g -O2  conftest.c >&5
conftest.c: In function 'main':
conftest.c:57:53: warning: integer overflow in expression [-Woverflow]
    < (int64_t) (((((int64_t) 1 << N) << N) - 1) * 2 + 2))];
                                                     ^
conftest.c:56:12: error: storage size of 'test_array' isn't constant
 static int test_array [1 - 2 * !((int64_t) (((((int64_t) 1 << N) << N) - 1) * 2 + 1)
            ^
configure:3607: $? = 1
configure: failed program was:
| /* confdefs.h */
| #define PACKAGE_NAME "XLB"
| #define PACKAGE_TARNAME "xlb"
| #define PACKAGE_VERSION "0.6.0"
| #define PACKAGE_STRING "XLB 0.6.0"
| #define PACKAGE_BUGREPORT "wozniak@mcs.anl.gov"
| #define PACKAGE_URL ""
| #define STDC_HEADERS 1
| #define HAVE_SYS_TYPES_H 1
| #define HAVE_SYS_STAT_H 1
| #define HAVE_STDLIB_H 1
| #define HAVE_STRING_H 1
| #define HAVE_MEMORY_H 1
| #define HAVE_STRINGS_H 1
| #define HAVE_INTTYPES_H 1
| #define HAVE_STDINT_H 1
| #define HAVE_UNISTD_H 1
| /* end confdefs.h.  */
| #include <stdio.h>
| #ifdef HAVE_SYS_TYPES_H
| # include <sys/types.h>
| #endif
| #ifdef HAVE_SYS_STAT_H
| # include <sys/stat.h>
| #endif
| #ifdef STDC_HEADERS
| # include <stdlib.h>
| # include <stddef.h>
| #else
| # ifdef HAVE_STDLIB_H
| #  include <stdlib.h>
| # endif
| #endif
| #ifdef HAVE_STRING_H
| # if !defined STDC_HEADERS && defined HAVE_MEMORY_H
| #  include <memory.h>
| # endif
| # include <string.h>
| #endif
| #ifdef HAVE_STRINGS_H
| # include <strings.h>
| #endif
| #ifdef HAVE_INTTYPES_H
| # include <inttypes.h>
| #endif
| #ifdef HAVE_STDINT_H
| # include <stdint.h>
| #endif
| #ifdef HAVE_UNISTD_H
| # include <unistd.h>
| #endif
| 	        enum { N = 64 / 2 - 1 };
| int
| main ()
| {
| static int test_array [1 - 2 * !((int64_t) (((((int64_t) 1 << N) << N) - 1) * 2 + 1)
| 		 < (int64_t) (((((int64_t) 1 << N) << N) - 1) * 2 + 2))];
| test_array [0] = 0;
| return test_array [0];
| 
|   ;
|   return 0;
| }
configure:3607: result: yes
configure:3618: checking for uint32_t
configure:3618: mpicc -c -g -O2  conftest.c >&5
configure:3618: $? = 0
configure:3618: result: yes
configure:3632: checking for off_t
configure:3632: mpicc -c -g -O2  conftest.c >&5
configure:3632: $? = 0
configure:3632: mpicc -c -g -O2  conftest.c >&5
conftest.c: In function 'main':
conftest.c:55:20: error: expected expression before ')' token
 if (sizeof ((off_t)))
                    ^
configure:3632: $? = 1
configure: failed program was:
| /* confdefs.h */
| #define PACKAGE_NAME "XLB"
| #define PACKAGE_TARNAME "xlb"
| #define PACKAGE_VERSION "0.6.0"
| #define PACKAGE_STRING "XLB 0.6.0"
| #define PACKAGE_BUGREPORT "wozniak@mcs.anl.gov"
| #define PACKAGE_URL ""
| #define STDC_HEADERS 1
| #define HAVE_SYS_TYPES_H 1
| #define HAVE_SYS_STAT_H 1
| #define HAVE_STDLIB_H 1
| #define HAVE_STRING_H 1
| #define HAVE_MEMORY_H 1
| #define HAVE_STRINGS_H 1
| #define HAVE_INTTYPES_H 1
| #define HAVE_STDINT_H 1
| #define HAVE_UNISTD_H 1
| /* end confdefs.h.  */
| #include <stdio.h>
| #ifdef HAVE_SYS_TYPES_H
| # include <sys/types.h>
| #endif
| #ifdef HAVE_SYS_STAT_H
| # include <sys/stat.h>
| #endif
| #ifdef STDC_HEADERS
| # include <stdlib.h>
| # include <stddef.h>
| #else
| # ifdef HAVE_STDLIB_H
| #  include <stdlib.h>
| # endif
| #endif
| #ifdef HAVE_STRING_H
| # if !defined STDC_HEADERS && defined HAVE_MEMORY_H
| #  include <memory.h>
| # endif
| # include <string.h>
| #endif
| #ifdef HAVE_STRINGS_H
| # include <strings.h>
| #endif
| #ifdef HAVE_INTTYPES_H
| # include <inttypes.h>
| #endif
| #ifdef HAVE_STDINT_H
| # include <stdint.h>
| #endif
| #ifdef HAVE_UNISTD_H
| # include <unistd.h>
| #endif
| int
| main ()
| {
| if (sizeof ((off_t)))
| 	    return 0;
|   ;
|   return 0;
| }
configure:3632: result: yes
configure:3643: checking for pid_t
configure:3643: mpicc -c -g -O2  conftest.c >&5
configure:3643: $? = 0
configure:3643: mpicc -c -g -O2  conftest.c >&5
conftest.c: In function 'main':
conftest.c:55:20: error: expected expression before ')' token
 if (sizeof ((pid_t)))
                    ^
configure:3643: $? = 1
configure: failed program was:
| /* confdefs.h */
| #define PACKAGE_NAME "XLB"
| #define PACKAGE_TARNAME "xlb"
| #define PACKAGE_VERSION "0.6.0"
| #define PACKAGE_STRING "XLB 0.6.0"
| #define PACKAGE_BUGREPORT "wozniak@mcs.anl.gov"
| #define PACKAGE_URL ""
| #define STDC_HEADERS 1
| #define HAVE_SYS_TYPES_H 1
| #define HAVE_SYS_STAT_H 1
| #define HAVE_STDLIB_H 1
| #define HAVE_STRING_H 1
| #define HAVE_MEMORY_H 1
| #define HAVE_STRINGS_H 1
| #define HAVE_INTTYPES_H 1
| #define HAVE_STDINT_H 1
| #define HAVE_UNISTD_H 1
| /* end confdefs.h.  */
| #include <stdio.h>
| #ifdef HAVE_SYS_TYPES_H
| # include <sys/types.h>
| #endif
| #ifdef HAVE_SYS_STAT_H
| # include <sys/stat.h>
| #endif
| #ifdef STDC_HEADERS
| # include <stdlib.h>
| # include <stddef.h>
| #else
| # ifdef HAVE_STDLIB_H
| #  include <stdlib.h>
| # endif
| #endif
| #ifdef HAVE_STRING_H
| # if !defined STDC_HEADERS && defined HAVE_MEMORY_H
| #  include <memory.h>
| # endif
| # include <string.h>
| #endif
| #ifdef HAVE_STRINGS_H
| # include <strings.h>
| #endif
| #ifdef HAVE_INTTYPES_H
| # include <inttypes.h>
| #endif
| #ifdef HAVE_STDINT_H
| # include <stdint.h>
| #endif
| #ifdef HAVE_UNISTD_H
| # include <unistd.h>
| #endif
| int
| main ()
| {
| if (sizeof ((pid_t)))
| 	    return 0;
|   ;
|   return 0;
| }
configure:3643: result: yes
configure:3654: checking for ssize_t
configure:3654: mpicc -c -g -O2  conftest.c >&5
configure:3654: $? = 0
configure:3654: mpicc -c -g -O2  conftest.c >&5
conftest.c: In function 'main':
conftest.c:55:22: error: expected expression before ')' token
 if (sizeof ((ssize_t)))
                      ^
configure:3654: $? = 1
configure: failed program was:
| /* confdefs.h */
| #define PACKAGE_NAME "XLB"
| #define PACKAGE_TARNAME "xlb"
| #define PACKAGE_VERSION "0.6.0"
| #define PACKAGE_STRING "XLB 0.6.0"
| #define PACKAGE_BUGREPORT "wozniak@mcs.anl.gov"
| #define PACKAGE_URL ""
| #define STDC_HEADERS 1
| #define HAVE_SYS_TYPES_H 1
| #define HAVE_SYS_STAT_H 1
| #define HAVE_STDLIB_H 1
| #define HAVE_STRING_H 1
| #define HAVE_MEMORY_H 1
| #define HAVE_STRINGS_H 1
| #define HAVE_INTTYPES_H 1
| #define HAVE_STDINT_H 1
| #define HAVE_UNISTD_H 1
| /* end confdefs.h.  */
| #include <stdio.h>
| #ifdef HAVE_SYS_TYPES_H
| # include <sys/types.h>
| #endif
| #ifdef HAVE_SYS_STAT_H
| # include <sys/stat.h>
| #endif
| #ifdef STDC_HEADERS
| # include <stdlib.h>
| # include <stddef.h>
| #else
| # ifdef HAVE_STDLIB_H
| #  include <stdlib.h>
| # endif
| #endif
| #ifdef HAVE_STRING_H
| # if !defined STDC_HEADERS && defined HAVE_MEMORY_H
| #  include <memory.h>
| # endif
| # include <string.h>
| #endif
| #ifdef HAVE_STRINGS_H
| # include <strings.h>
| #endif
| #ifdef HAVE_INTTYPES_H
| # include <inttypes.h>
| #endif
| #ifdef HAVE_STDINT_H
| # include <stdint.h>
| #endif
| #ifdef HAVE_UNISTD_H
| # include <unistd.h>
| #endif
| int
| main ()
| {
| if (sizeof ((ssize_t)))
| 	    return 0;
|   ;
|   return 0;
| }
configure:3654: result: yes
configure:3670: checking for memchr
configure:3670: mpicc -o conftest -g -O2   conftest.c  >&5
conftest.c:42:6: warning: conflicting types for built-in function 'memchr' [enabled by default]
 char memchr ();
      ^
configure:3670: $? = 0
configure:3670: result: yes
configure:3670: checking for memmove
configure:3670: mpicc -o conftest -g -O2   conftest.c  >&5
conftest.c:43:6: warning: conflicting types for built-in function 'memmove' [enabled by default]
 char memmove ();
      ^
configure:3670: $? = 0
configure:3670: result: yes
configure:3670: checking for memset
configure:3670: mpicc -o conftest -g -O2   conftest.c  >&5
conftest.c:44:6: warning: conflicting types for built-in function 'memset' [enabled by default]
 char memset ();
      ^
configure:3670: $? = 0
configure:3670: result: yes
configure:3670: checking for pow
configure:3670: mpicc -o conftest -g -O2   conftest.c  >&5
conftest.c:45:6: warning: conflicting types for built-in function 'pow' [enabled by default]
 char pow ();
      ^
/tmp/ccvf5v4l.o: In function `main':
/home/basheersubei/swift-t/lb/code/conftest.c:56: undefined reference to `pow'
collect2: error: ld returned 1 exit status
configure:3670: $? = 1
configure: failed program was:
| /* confdefs.h */
| #define PACKAGE_NAME "XLB"
| #define PACKAGE_TARNAME "xlb"
| #define PACKAGE_VERSION "0.6.0"
| #define PACKAGE_STRING "XLB 0.6.0"
| #define PACKAGE_BUGREPORT "wozniak@mcs.anl.gov"
| #define PACKAGE_URL ""
| #define STDC_HEADERS 1
| #define HAVE_SYS_TYPES_H 1
| #define HAVE_SYS_STAT_H 1
| #define HAVE_STDLIB_H 1
| #define HAVE_STRING_H 1
| #define HAVE_MEMORY_H 1
| #define HAVE_STRINGS_H 1
| #define HAVE_INTTYPES_H 1
| #define HAVE_STDINT_H 1
| #define HAVE_UNISTD_H 1
| #define HAVE_MEMCHR 1
| #define HAVE_MEMMOVE 1
| #define HAVE_MEMSET 1
| /* end confdefs.h.  */
| /* Define pow to an innocuous variant, in case <limits.h> declares pow.
|    For example, HP-UX 11i <limits.h> declares gettimeofday.  */
| #define pow innocuous_pow
| 
| /* System header to define __stub macros and hopefully few prototypes,
|     which can conflict with char pow (); below.
|     Prefer <limits.h> to <assert.h> if __STDC__ is defined, since
|     <limits.h> exists even on freestanding compilers.  */
| 
| #ifdef __STDC__
| # include <limits.h>
| #else
| # include <assert.h>
| #endif
| 
| #undef pow
| 
| /* Override any GCC internal prototype to avoid an error.
|    Use char because int might match the return type of a GCC
|    builtin and then its argument prototype would still apply.  */
| #ifdef __cplusplus
| extern "C"
| #endif
| char pow ();
| /* The GNU C library defines this for functions which it implements
|     to always fail with ENOSYS.  Some functions are actually named
|     something starting with __ and the normal name is an alias.  */
| #if defined __stub_pow || defined __stub___pow
| choke me
| #endif
| 
| int
| main ()
| {
| return pow ();
|   ;
|   return 0;
| }
configure:3670: result: no
configure:3670: checking for stpcpy
configure:3670: mpicc -o conftest -g -O2   conftest.c  >&5
conftest.c:45:6: warning: conflicting types for built-in function 'stpcpy' [enabled by default]
 char stpcpy ();
      ^
configure:3670: $? = 0
configure:3670: result: yes
configure:3670: checking for strdup
configure:3670: mpicc -o conftest -g -O2   conftest.c  >&5
conftest.c:46:6: warning: conflicting types for built-in function 'strdup' [enabled by default]
 char strdup ();
      ^
configure:3670: $? = 0
configure:3670: result: yes
configure:3670: checking for strtol
configure:3670: mpicc -o conftest -g -O2   conftest.c  >&5
configure:3670: $? = 0
configure:3670: result: yes
configure:3670: checking for uname
configure:3670: mpicc -o conftest -g -O2   conftest.c  >&5
configure:3670: $? = 0
configure:3670: result: yes
configure:3681: checking for strerror
configure:3681: mpicc -o conftest -g -O2   conftest.c  >&5
configure:3681: $? = 0
configure:3681: result: yes
configure:3690: checking for size_t
configure:3690: mpicc -c -g -O2  conftest.c >&5
configure:3690: $? = 0
configure:3690: mpicc -c -g -O2  conftest.c >&5
conftest.c: In function 'main':
conftest.c:63:21: error: expected expression before ')' token
 if (sizeof ((size_t)))
                     ^
configure:3690: $? = 1
configure: failed program was:
| /* confdefs.h */
| #define PACKAGE_NAME "XLB"
| #define PACKAGE_TARNAME "xlb"
| #define PACKAGE_VERSION "0.6.0"
| #define PACKAGE_STRING "XLB 0.6.0"
| #define PACKAGE_BUGREPORT "wozniak@mcs.anl.gov"
| #define PACKAGE_URL ""
| #define STDC_HEADERS 1
| #define HAVE_SYS_TYPES_H 1
| #define HAVE_SYS_STAT_H 1
| #define HAVE_STDLIB_H 1
| #define HAVE_STRING_H 1
| #define HAVE_MEMORY_H 1
| #define HAVE_STRINGS_H 1
| #define HAVE_INTTYPES_H 1
| #define HAVE_STDINT_H 1
| #define HAVE_UNISTD_H 1
| #define HAVE_MEMCHR 1
| #define HAVE_MEMMOVE 1
| #define HAVE_MEMSET 1
| #define HAVE_STPCPY 1
| #define HAVE_STRDUP 1
| #define HAVE_STRTOL 1
| #define HAVE_UNAME 1
| #define HAVE_STRERROR 1
| /* end confdefs.h.  */
| #include <stdio.h>
| #ifdef HAVE_SYS_TYPES_H
| # include <sys/types.h>
| #endif
| #ifdef HAVE_SYS_STAT_H
| # include <sys/stat.h>
| #endif
| #ifdef STDC_HEADERS
| # include <stdlib.h>
| # include <stddef.h>
| #else
| # ifdef HAVE_STDLIB_H
| #  include <stdlib.h>
| # endif
| #endif
| #ifdef HAVE_STRING_H
| # if !defined STDC_HEADERS && defined HAVE_MEMORY_H
| #  include <memory.h>
| # endif
| # include <string.h>
| #endif
| #ifdef HAVE_STRINGS_H
| # include <strings.h>
| #endif
| #ifdef HAVE_INTTYPES_H
| # include <inttypes.h>
| #endif
| #ifdef HAVE_STDINT_H
| # include <stdint.h>
| #endif
| #ifdef HAVE_UNISTD_H
| # include <unistd.h>
| #endif
| int
| main ()
| {
| if (sizeof ((size_t)))
| 	    return 0;
|   ;
|   return 0;
| }
configure:3690: result: yes
configure:3703: checking for working alloca.h
configure:3720: mpicc -o conftest -g -O2   conftest.c  >&5
configure:3720: $? = 0
configure:3728: result: yes
configure:3736: checking for alloca
configure:3773: mpicc -o conftest -g -O2   conftest.c  >&5
configure:3773: $? = 0
configure:3781: result: yes
configure:3889: checking for stdlib.h
configure:3889: result: yes
configure:3899: checking for GNU libc compatible malloc
configure:3923: mpicc -o conftest -g -O2   conftest.c  >&5
configure:3923: $? = 0
configure:3923: ./conftest
configure:3923: $? = 0
configure:3933: result: yes
configure:3956: checking for stdlib.h
configure:3956: result: yes
configure:3966: checking for GNU libc compatible realloc
configure:3990: mpicc -o conftest -g -O2   conftest.c  >&5
configure:3990: $? = 0
configure:3990: ./conftest
configure:3990: $? = 0
configure:4000: result: yes
configure:4027: checking fcntl.h usability
configure:4027: mpicc -c -g -O2  conftest.c >&5
configure:4027: $? = 0
configure:4027: result: yes
configure:4027: checking fcntl.h presence
configure:4027: mpicc -E  conftest.c
configure:4027: $? = 0
configure:4027: result: yes
configure:4027: checking for fcntl.h
configure:4027: result: yes
configure:4027: checking for inttypes.h
configure:4027: result: yes
configure:4027: checking limits.h usability
configure:4027: mpicc -c -g -O2  conftest.c >&5
configure:4027: $? = 0
configure:4027: result: yes
configure:4027: checking limits.h presence
configure:4027: mpicc -E  conftest.c
configure:4027: $? = 0
configure:4027: result: yes
configure:4027: checking for limits.h
configure:4027: result: yes
configure:4027: checking malloc.h usability
configure:4027: mpicc -c -g -O2  conftest.c >&5
configure:4027: $? = 0
configure:4027: result: yes
configure:4027: checking malloc.h presence
configure:4027: mpicc -E  conftest.c
configure:4027: $? = 0
configure:4027: result: yes
configure:4027: checking for malloc.h
configure:4027: result: yes
configure:4027: checking for memory.h
configure:4027: result: yes
configure:4039: checking stddef.h usability
configure:4039: mpicc -c -g -O2  conftest.c >&5
configure:4039: $? = 0
configure:4039: result: yes
configure:4039: checking stddef.h presence
configure:4039: mpicc -E  conftest.c
configure:4039: $? = 0
configure:4039: result: yes
configure:4039: checking for stddef.h
configure:4039: result: yes
configure:4052: checking for stdlib.h
configure:4052: result: yes
configure:4052: checking for string.h
configure:4052: result: yes
configure:4052: checking for unistd.h
configure:4052: result: yes
configure:4062: checking for stdbool.h that conforms to C99
configure:4129: mpicc -c -g -O2  conftest.c >&5
configure:4129: $? = 0
configure:4136: result: yes
configure:4138: checking for _Bool
configure:4138: mpicc -c -g -O2  conftest.c >&5
configure:4138: $? = 0
configure:4138: mpicc -c -g -O2  conftest.c >&5
conftest.c: In function 'main':
conftest.c:78:20: error: expected expression before ')' token
 if (sizeof ((_Bool)))
                    ^
configure:4138: $? = 1
configure: failed program was:
| /* confdefs.h */
| #define PACKAGE_NAME "XLB"
| #define PACKAGE_TARNAME "xlb"
| #define PACKAGE_VERSION "0.6.0"
| #define PACKAGE_STRING "XLB 0.6.0"
| #define PACKAGE_BUGREPORT "wozniak@mcs.anl.gov"
| #define PACKAGE_URL ""
| #define STDC_HEADERS 1
| #define HAVE_SYS_TYPES_H 1
| #define HAVE_SYS_STAT_H 1
| #define HAVE_STDLIB_H 1
| #define HAVE_STRING_H 1
| #define HAVE_MEMORY_H 1
| #define HAVE_STRINGS_H 1
| #define HAVE_INTTYPES_H 1
| #define HAVE_STDINT_H 1
| #define HAVE_UNISTD_H 1
| #define HAVE_MEMCHR 1
| #define HAVE_MEMMOVE 1
| #define HAVE_MEMSET 1
| #define HAVE_STPCPY 1
| #define HAVE_STRDUP 1
| #define HAVE_STRTOL 1
| #define HAVE_UNAME 1
| #define HAVE_STRERROR 1
| #define HAVE_ALLOCA_H 1
| #define HAVE_ALLOCA 1
| #define HAVE_STDLIB_H 1
| #define HAVE_MALLOC 1
| #define HAVE_STDLIB_H 1
| #define HAVE_REALLOC 1
| #define HAVE_FCNTL_H 1
| #define HAVE_INTTYPES_H 1
| #define HAVE_LIMITS_H 1
| #define HAVE_MALLOC_H 1
| #define HAVE_MEMORY_H 1
| #define HAVE_STDDEF_H 1
| #define HAVE_STDLIB_H 1
| #define HAVE_STRING_H 1
| #define HAVE_UNISTD_H 1
| /* end confdefs.h.  */
| #include <stdio.h>
| #ifdef HAVE_SYS_TYPES_H
| # include <sys/types.h>
| #endif
| #ifdef HAVE_SYS_STAT_H
| # include <sys/stat.h>
| #endif
| #ifdef STDC_HEADERS
| # include <stdlib.h>
| # include <stddef.h>
| #else
| # ifdef HAVE_STDLIB_H
| #  include <stdlib.h>
| # endif
| #endif
| #ifdef HAVE_STRING_H
| # if !defined STDC_HEADERS && defined HAVE_MEMORY_H
| #  include <memory.h>
| # endif
| # include <string.h>
| #endif
| #ifdef HAVE_STRINGS_H
| # include <strings.h>
| #endif
| #ifdef HAVE_INTTYPES_H
| # include <inttypes.h>
| #endif
| #ifdef HAVE_STDINT_H
| # include <stdint.h>
| #endif
| #ifdef HAVE_UNISTD_H
| # include <unistd.h>
| #endif
| int
| main ()
| {
| if (sizeof ((_Bool)))
| 	    return 0;
|   ;
|   return 0;
| }
configure:4138: result: yes
configure:4157: checking for inline
configure:4173: mpicc -c -g -O2  conftest.c >&5
configure:4173: $? = 0
configure:4181: result: inline
configure:4199: checking for C/C++ restrict keyword
configure:4224: mpicc -c -g -O2  conftest.c >&5
configure:4224: $? = 0
configure:4232: result: __restrict
configure:4248: checking for cp that supports -u
configure:4281: result: yes
configure:4296: result: using MPE: no
configure:4365: checking for /home/basheersubei/exm-install/c-utils/include/c-utils.h
configure:4379: result: yes
configure:4389: result: using ExM c-utils in /home/basheersubei/exm-install/c-utils ...
configure:4485: checking MPI version
configure:4491: result: The MPI version is 3
configure:4520: result: checkpoints enabled
configure:4528: checking for _LARGEFILE_SOURCE value needed for large files
configure:4547: mpicc -o conftest -g -O2   conftest.c  >&5
configure:4547: $? = 0
configure:4575: result: no
configure:4686: checking if zlib is wanted
configure:4708: result: yes
configure:4739: checking for inflateEnd in -lz
configure:4764: mpicc -o conftest -g -O2  -I/usr/include  -L/usr/lib conftest.c -lz   >&5
configure:4764: $? = 0
configure:4773: result: yes
configure:4781: checking zlib.h usability
configure:4781: mpicc -c -g -O2  -I/usr/include conftest.c >&5
configure:4781: $? = 0
configure:4781: result: yes
configure:4781: checking zlib.h presence
configure:4781: mpicc -E  -I/usr/include conftest.c
configure:4781: $? = 0
configure:4781: result: yes
configure:4781: checking for zlib.h
configure:4781: result: yes
configure:4852: checking for ar
configure:4868: found /usr/bin/ar
configure:4880: result: ar
configure:4931: checking for ranlib
configure:4947: found /usr/bin/ranlib
configure:4958: result: ranlib
configure:5109: creating ./config.status

## ---------------------- ##
## Running config.status. ##
## ---------------------- ##

This file was extended by XLB config.status 0.6.0, which was
generated by GNU Autoconf 2.69.  Invocation command line was

  CONFIG_FILES    = 
  CONFIG_HEADERS  = 
  CONFIG_LINKS    = 
  CONFIG_COMMANDS = 
  $ ./config.status 

on virtual-ubuntu-server-1

config.status:851: creating Makefile
config.status:851: creating src/module.mk
config.status:851: creating src/adlb-version.h
config.status:851: creating tests/module.mk
config.status:851: creating config.h
config.status:1021: config.h is unchanged
config.status:851: creating src/mpe-settings.h
config.status:1021: src/mpe-settings.h is unchanged

## ---------------- ##
## Cache variables. ##
## ---------------- ##

ac_cv_c_compiler_gnu=yes
ac_cv_c_inline=inline
ac_cv_c_int32_t=yes
ac_cv_c_int64_t=yes
ac_cv_c_restrict=__restrict
ac_cv_c_uint32_t=yes
ac_cv_env_CC_set=set
ac_cv_env_CC_value=mpicc
ac_cv_env_CFLAGS_set=
ac_cv_env_CFLAGS_value=
ac_cv_env_CPPFLAGS_set=
ac_cv_env_CPPFLAGS_value=
ac_cv_env_CPP_set=
ac_cv_env_CPP_value=
ac_cv_env_LDFLAGS_set=
ac_cv_env_LDFLAGS_value=
ac_cv_env_LIBS_set=
ac_cv_env_LIBS_value=
ac_cv_env_build_alias_set=
ac_cv_env_build_alias_value=
ac_cv_env_host_alias_set=
ac_cv_env_host_alias_value=
ac_cv_env_target_alias_set=
ac_cv_env_target_alias_value=
ac_cv_file__home_basheersubei_exm_install_c_utils_include_c_utils_h=yes
ac_cv_func_alloca_works=yes
ac_cv_func_malloc_0_nonnull=yes
ac_cv_func_memchr=yes
ac_cv_func_memmove=yes
ac_cv_func_memset=yes
ac_cv_func_pow=no
ac_cv_func_realloc_0_nonnull=yes
ac_cv_func_stpcpy=yes
ac_cv_func_strdup=yes
ac_cv_func_strerror=yes
ac_cv_func_strtol=yes
ac_cv_func_uname=yes
ac_cv_header_fcntl_h=yes
ac_cv_header_inttypes_h=yes
ac_cv_header_limits_h=yes
ac_cv_header_malloc_h=yes
ac_cv_header_memory_h=yes
ac_cv_header_stdbool_h=yes
ac_cv_header_stdc=yes
ac_cv_header_stddef_h=yes
ac_cv_header_stdint_h=yes
ac_cv_header_stdlib_h=yes
ac_cv_header_string_h=yes
ac_cv_header_strings_h=yes
ac_cv_header_sys_stat_h=yes
ac_cv_header_sys_types_h=yes
ac_cv_header_unistd_h=yes
ac_cv_header_zlib_h=yes
ac_cv_lib_z_inflateEnd=yes
ac_cv_objext=o
ac_cv_path_EGREP='/bin/grep -E'
ac_cv_path_GREP=/bin/grep
ac_cv_path_cp_u=yes
ac_cv_prog_AR=ar
ac_cv_prog_CPP='mpicc -E'
ac_cv_prog_ac_ct_CC=mpicc
ac_cv_prog_ac_ct_RANLIB=ranlib
ac_cv_prog_cc_c89=
ac_cv_prog_cc_g=yes
ac_cv_sys_largefile_source=no
ac_cv_type__Bool=yes
ac_cv_type_off_t=yes
ac_cv_type_pid_t=yes
ac_cv_type_size_t=yes
ac_cv_type_ssize_t=yes
ac_cv_working_alloca_h=yes
zlib_cv_libz=yes
zlib_cv_zlib_h=yes

## ----------------- ##
## Output variables. ##
## ----------------- ##

ADLB_ENABLE_MPE='no'
ADLB_VERSION='0.6.0'
ALLOCA=''
AR='ar'
CC='mpicc'
CFLAGS='-g -O2 -I/usr/include'
CPP='mpicc -E'
CPPFLAGS=''
CP_U='yes'
DEFS='-DHAVE_CONFIG_H'
ECHO_C=''
ECHO_N='-n'
ECHO_T=''
EGREP='/bin/grep -E'
ENABLE_DEV='0'
ENABLE_SHARED='1'
ENABLE_STATIC='1'
ENABLE_ZLIB='1'
EXEEXT=''
GREP='/bin/grep'
LDFLAGS=''
LIBOBJS=''
LIBS=''
LTLIBOBJS=''
MPE_FLAGS=''
OBJEXT='o'
PACKAGE_BUGREPORT='wozniak@mcs.anl.gov'
PACKAGE_NAME='XLB'
PACKAGE_STRING='XLB 0.6.0'
PACKAGE_TARNAME='xlb'
PACKAGE_URL=''
PACKAGE_VERSION='0.6.0'
PATH_SEPARATOR=':'
RANLIB='ranlib'
SHELL='/bin/bash'
USE_C_UTILS='/home/basheersubei/exm-install/c-utils'
USE_MAC='no'
USE_MPE=''
USE_XLC='0'
XLB_ENABLE_XPT='yes'
ZLIB_HOME='/usr'
ac_ct_CC='mpicc'
bindir='${exec_prefix}/bin'
build_alias=''
datadir='${datarootdir}'
datarootdir='${prefix}/share'
docdir='${datarootdir}/doc/${PACKAGE_TARNAME}'
dvidir='${docdir}'
exec_prefix='${prefix}'
host_alias=''
htmldir='${docdir}'
includedir='${prefix}/include'
infodir='${datarootdir}/info'
libdir='${exec_prefix}/lib'
libexecdir='${exec_prefix}/libexec'
localedir='${datarootdir}/locale'
localstatedir='${prefix}/var'
mandir='${datarootdir}/man'
oldincludedir='/usr/include'
pdfdir='${docdir}'
prefix='/home/basheersubei/exm-install/lb'
program_transform_name='s,x,x,'
psdir='${docdir}'
sbindir='${exec_prefix}/sbin'
sharedstatedir='${prefix}/com'
sysconfdir='${prefix}/etc'
target_alias=''

## ----------- ##
## confdefs.h. ##
## ----------- ##

/* confdefs.h */
#define PACKAGE_NAME "XLB"
#define PACKAGE_TARNAME "xlb"
#define PACKAGE_VERSION "0.6.0"
#define PACKAGE_STRING "XLB 0.6.0"
#define PACKAGE_BUGREPORT "wozniak@mcs.anl.gov"
#define PACKAGE_URL ""
#define STDC_HEADERS 1
#define HAVE_SYS_TYPES_H 1
#define HAVE_SYS_STAT_H 1
#define HAVE_STDLIB_H 1
#define HAVE_STRING_H 1
#define HAVE_MEMORY_H 1
#define HAVE_STRINGS_H 1
#define HAVE_INTTYPES_H 1
#define HAVE_STDINT_H 1
#define HAVE_UNISTD_H 1
#define HAVE_MEMCHR 1
#define HAVE_MEMMOVE 1
#define HAVE_MEMSET 1
#define HAVE_STPCPY 1
#define HAVE_STRDUP 1
#define HAVE_STRTOL 1
#define HAVE_UNAME 1
#define HAVE_STRERROR 1
#define HAVE_ALLOCA_H 1
#define HAVE_ALLOCA 1
#define HAVE_STDLIB_H 1
#define HAVE_MALLOC 1
#define HAVE_STDLIB_H 1
#define HAVE_REALLOC 1
#define HAVE_FCNTL_H 1
#define HAVE_INTTYPES_H 1
#define HAVE_LIMITS_H 1
#define HAVE_MALLOC_H 1
#define HAVE_MEMORY_H 1
#define HAVE_STDDEF_H 1
#define HAVE_STDLIB_H 1
#define HAVE_STRING_H 1
#define HAVE_UNISTD_H 1
#define HAVE__BOOL 1
#define HAVE_STDBOOL_H 1
#define restrict __restrict
#define ADLB_ENABLE_MPE "no"
#define C_UTILS_LOCATION /home/basheersubei/exm-install/c-utils
#define ENABLE_LOG_DEBUG 0
#define ENABLE_LOG_TRACE 0
#define ENABLE_LOG_TRACE_MPI 0
#define ADLB_MPI_VERSION 3
#define HAVE_FSEEKO 1

configure: exit 0
